2024-09-25 15:44:38,212 [INFO] Activator:177 - 


2024-09-25 15:44:38,214 [INFO] Activator:178 - !SESSION log4j initialized
2024-09-25 15:44:53,259 [INFO] McuFinderGlobals:39 - Set McuFinder mode to 2 (CubeIDE integrated)
2024-09-25 15:44:53,447 [INFO] ApplicationProperties:181 - Using Application install path: C:\ST\STM32CubeIDE_1.7.0\STM32CubeIDE\plugins\com.st.stm32cube.common.mx_6.3.0.202107141111
2024-09-25 15:44:53,457 [INFO] DbMcusXml:74 - Set database path to: C:\ST\STM32CubeIDE_1.7.0\STM32CubeIDE\plugins\com.st.stm32cube.common.mx_6.3.0.202107141111\\db\/mcu/
2024-09-25 15:44:53,460 [INFO] DbBoardsPdsc:56 - Set plugin database path to: C:\ST\STM32CubeIDE_1.7.0\STM32CubeIDE\plugins\com.st.stm32cube.common.mx_6.3.0.202107141111\\db\/plugins/boardmanager/
2024-09-25 15:44:53,461 [INFO] DbMcus:258 - Set plugin images path to: C:\ST\STM32CubeIDE_1.7.0\STM32CubeIDE\plugins\com.st.stm32cube.common.mx_6.3.0.202107141111\\db\/plugins/mcufinder/images/
2024-09-25 15:44:53,461 [INFO] DbBoards:264 - Set plugin images path to: C:\ST\STM32CubeIDE_1.7.0\STM32CubeIDE\plugins\com.st.stm32cube.common.mx_6.3.0.202107141111\\db\/plugins/mcufinder/images/
2024-09-25 15:44:53,464 [INFO] DbExamples:333 - Set plugin images path to: C:\ST\STM32CubeIDE_1.7.0\STM32CubeIDE\plugins\com.st.stm32cube.common.mx_6.3.0.202107141111\\db\/plugins/mcufinder/images/
2024-09-25 15:44:53,467 [INFO] DbMcusAds:119 - Set database path to: C:\Users\TIEN DUY\.stmcufinder\plugins\mcufinder//mcu/
2024-09-25 15:44:53,468 [INFO] DbMcusDocs:110 - Set database path to: C:\Users\TIEN DUY\.stmcufinder\plugins\mcufinder//mcu/
2024-09-25 15:44:53,469 [INFO] DbMcusJson:64 - Set database path to: C:\Users\TIEN DUY\.stmcufinder\plugins\mcufinder//mcu/
2024-09-25 15:44:53,470 [INFO] DbBoardsDocs:110 - Set database path to: C:\Users\TIEN DUY\.stmcufinder\plugins\mcufinder//mcu/
2024-09-25 15:44:53,470 [INFO] DbBoardsJson:57 - Set database path to: C:\Users\TIEN DUY\.stmcufinder\plugins\mcufinder//mcu/
2024-09-25 15:44:53,473 [INFO] CrossReferenceDbSqlite:196 - Set database path to: C:\Users\TIEN DUY\.stmcufinder\plugins\mcufinder//mcu/cs/
2024-09-25 15:44:53,475 [INFO] DbExamplesSqlite:767 - Set database path to: C:\Users\TIEN DUY\.stmcufinder\plugins\mcufinder//mcu/
2024-09-25 15:44:53,541 [INFO] RulesReader:57 - Compatibility file has been processed (242 Rules)
2024-09-25 15:44:53,611 [INFO] DbMcusXml:74 - Set database path to: C:\ST\STM32CubeIDE_1.7.0\STM32CubeIDE\plugins\com.st.stm32cube.common.mx_6.3.0.202107141111\\db\/mcu/
2024-09-25 15:44:53,612 [INFO] DbBoardsPdsc:56 - Set plugin database path to: C:\ST\STM32CubeIDE_1.7.0\STM32CubeIDE\plugins\com.st.stm32cube.common.mx_6.3.0.202107141111\\db\/plugins/boardmanager/
2024-09-25 15:44:53,612 [INFO] DbMcus:258 - Set plugin images path to: C:\ST\STM32CubeIDE_1.7.0\STM32CubeIDE\plugins\com.st.stm32cube.common.mx_6.3.0.202107141111\\db\/plugins/mcufinder/images/
2024-09-25 15:44:53,612 [INFO] DbBoards:264 - Set plugin images path to: C:\ST\STM32CubeIDE_1.7.0\STM32CubeIDE\plugins\com.st.stm32cube.common.mx_6.3.0.202107141111\\db\/plugins/mcufinder/images/
2024-09-25 15:44:53,624 [INFO] DbExamples:333 - Set plugin images path to: C:\ST\STM32CubeIDE_1.7.0\STM32CubeIDE\plugins\com.st.stm32cube.common.mx_6.3.0.202107141111\\db\/plugins/mcufinder/images/
2024-09-25 15:44:53,625 [WARN] DbFile:35 - Overriding database path with different value: C:\Users\TIEN DUY\.stmcufinder\plugins\mcufinder/ => C:\Users\TIEN DUY\.stmcufinder\plugins\mcufinder
2024-09-25 15:44:53,625 [INFO] DbMcusAds:119 - Set database path to: C:\Users\TIEN DUY\.stmcufinder\plugins\mcufinder//mcu/
2024-09-25 15:44:53,625 [WARN] DbFile:35 - Overriding database path with different value: C:\Users\TIEN DUY\.stmcufinder\plugins\mcufinder/ => C:\Users\TIEN DUY\.stmcufinder\plugins\mcufinder
2024-09-25 15:44:53,625 [INFO] DbMcusDocs:110 - Set database path to: C:\Users\TIEN DUY\.stmcufinder\plugins\mcufinder//mcu/
2024-09-25 15:44:53,625 [WARN] DbFile:35 - Overriding database path with different value: C:\Users\TIEN DUY\.stmcufinder\plugins\mcufinder/ => C:\Users\TIEN DUY\.stmcufinder\plugins\mcufinder
2024-09-25 15:44:53,625 [INFO] DbMcusJson:64 - Set database path to: C:\Users\TIEN DUY\.stmcufinder\plugins\mcufinder//mcu/
2024-09-25 15:44:53,625 [WARN] DbFile:35 - Overriding database path with different value: C:\Users\TIEN DUY\.stmcufinder\plugins\mcufinder/ => C:\Users\TIEN DUY\.stmcufinder\plugins\mcufinder
2024-09-25 15:44:53,625 [INFO] DbBoardsDocs:110 - Set database path to: C:\Users\TIEN DUY\.stmcufinder\plugins\mcufinder//mcu/
2024-09-25 15:44:53,625 [WARN] DbFile:35 - Overriding database path with different value: C:\Users\TIEN DUY\.stmcufinder\plugins\mcufinder/ => C:\Users\TIEN DUY\.stmcufinder\plugins\mcufinder
2024-09-25 15:44:53,625 [INFO] DbBoardsJson:57 - Set database path to: C:\Users\TIEN DUY\.stmcufinder\plugins\mcufinder//mcu/
2024-09-25 15:44:53,625 [WARN] DbFile:35 - Overriding database path with different value: C:\Users\TIEN DUY\.stmcufinder\plugins\mcufinder/ => C:\Users\TIEN DUY\.stmcufinder\plugins\mcufinder
2024-09-25 15:44:53,625 [WARN] DbFile:35 - Overriding database path with different value: C:\Users\TIEN DUY\.stmcufinder\plugins\mcufinder/ => C:\Users\TIEN DUY\.stmcufinder\plugins\mcufinder
2024-09-25 15:44:53,627 [INFO] CrossReferenceDbSqlite:196 - Set database path to: C:\Users\TIEN DUY\.stmcufinder\plugins\mcufinder//mcu/cs/
2024-09-25 15:44:53,627 [WARN] DbFile:35 - Overriding database path with different value: C:\Users\TIEN DUY\.stmcufinder\plugins\mcufinder/ => C:\Users\TIEN DUY\.stmcufinder\plugins\mcufinder
2024-09-25 15:44:53,627 [INFO] DbExamplesSqlite:767 - Set database path to: C:\Users\TIEN DUY\.stmcufinder\plugins\mcufinder//mcu/
2024-09-25 15:44:53,675 [INFO] MainPanel:214 - HeapMemory: 268435456
2024-09-25 15:44:53,752 [INFO] DbMcusXml:74 - Set database path to: C:\ST\STM32CubeIDE_1.7.0\STM32CubeIDE\plugins\com.st.stm32cube.common.mx_6.3.0.202107141111\\db\/mcu/
2024-09-25 15:44:53,752 [INFO] DbBoardsPdsc:56 - Set plugin database path to: C:\ST\STM32CubeIDE_1.7.0\STM32CubeIDE\plugins\com.st.stm32cube.common.mx_6.3.0.202107141111\\db\/plugins/boardmanager/
2024-09-25 15:44:53,753 [INFO] DbMcus:258 - Set plugin images path to: C:\ST\STM32CubeIDE_1.7.0\STM32CubeIDE\plugins\com.st.stm32cube.common.mx_6.3.0.202107141111\\db\/plugins/mcufinder/images/
2024-09-25 15:44:53,753 [INFO] DbBoards:264 - Set plugin images path to: C:\ST\STM32CubeIDE_1.7.0\STM32CubeIDE\plugins\com.st.stm32cube.common.mx_6.3.0.202107141111\\db\/plugins/mcufinder/images/
2024-09-25 15:44:53,753 [INFO] DbExamples:333 - Set plugin images path to: C:\ST\STM32CubeIDE_1.7.0\STM32CubeIDE\plugins\com.st.stm32cube.common.mx_6.3.0.202107141111\\db\/plugins/mcufinder/images/
2024-09-25 15:44:53,753 [WARN] DbFile:35 - Overriding database path with different value: C:\Users\TIEN DUY\.stmcufinder\plugins\mcufinder/ => C:\Users\TIEN DUY\.stmcufinder\plugins\mcufinder
2024-09-25 15:44:53,753 [INFO] DbMcusAds:119 - Set database path to: C:\Users\TIEN DUY\.stmcufinder\plugins\mcufinder//mcu/
2024-09-25 15:44:53,753 [WARN] DbFile:35 - Overriding database path with different value: C:\Users\TIEN DUY\.stmcufinder\plugins\mcufinder/ => C:\Users\TIEN DUY\.stmcufinder\plugins\mcufinder
2024-09-25 15:44:53,753 [INFO] DbMcusDocs:110 - Set database path to: C:\Users\TIEN DUY\.stmcufinder\plugins\mcufinder//mcu/
2024-09-25 15:44:53,753 [WARN] DbFile:35 - Overriding database path with different value: C:\Users\TIEN DUY\.stmcufinder\plugins\mcufinder/ => C:\Users\TIEN DUY\.stmcufinder\plugins\mcufinder
2024-09-25 15:44:53,753 [INFO] DbMcusJson:64 - Set database path to: C:\Users\TIEN DUY\.stmcufinder\plugins\mcufinder//mcu/
2024-09-25 15:44:53,754 [WARN] DbFile:35 - Overriding database path with different value: C:\Users\TIEN DUY\.stmcufinder\plugins\mcufinder/ => C:\Users\TIEN DUY\.stmcufinder\plugins\mcufinder
2024-09-25 15:44:53,754 [INFO] DbBoardsDocs:110 - Set database path to: C:\Users\TIEN DUY\.stmcufinder\plugins\mcufinder//mcu/
2024-09-25 15:44:53,754 [WARN] DbFile:35 - Overriding database path with different value: C:\Users\TIEN DUY\.stmcufinder\plugins\mcufinder/ => C:\Users\TIEN DUY\.stmcufinder\plugins\mcufinder
2024-09-25 15:44:53,754 [INFO] DbBoardsJson:57 - Set database path to: C:\Users\TIEN DUY\.stmcufinder\plugins\mcufinder//mcu/
2024-09-25 15:44:53,754 [WARN] DbFile:35 - Overriding database path with different value: C:\Users\TIEN DUY\.stmcufinder\plugins\mcufinder/ => C:\Users\TIEN DUY\.stmcufinder\plugins\mcufinder
2024-09-25 15:44:53,754 [WARN] DbFile:35 - Overriding database path with different value: C:\Users\TIEN DUY\.stmcufinder\plugins\mcufinder/ => C:\Users\TIEN DUY\.stmcufinder\plugins\mcufinder
2024-09-25 15:44:53,754 [INFO] CrossReferenceDbSqlite:196 - Set database path to: C:\Users\TIEN DUY\.stmcufinder\plugins\mcufinder//mcu/cs/
2024-09-25 15:44:53,754 [WARN] DbFile:35 - Overriding database path with different value: C:\Users\TIEN DUY\.stmcufinder\plugins\mcufinder/ => C:\Users\TIEN DUY\.stmcufinder\plugins\mcufinder
2024-09-25 15:44:53,754 [INFO] DbExamplesSqlite:767 - Set database path to: C:\Users\TIEN DUY\.stmcufinder\plugins\mcufinder//mcu/
2024-09-25 15:44:53,772 [INFO] ApplicationProperties:181 - Using Application install path: C:\ST\STM32CubeIDE_1.7.0\STM32CubeIDE\plugins\com.st.stm32cube.common.mx_6.3.0.202107141111
2024-09-25 15:44:53,773 [INFO] PluginManage:188 - Search for loadable plugins [exclusion list=, ]
2024-09-25 15:44:53,775 [INFO] PluginManage:302 - Check plugin analytics
2024-09-25 15:44:53,919 [INFO] AnalyticsPlugin:257 - Accepted Software Licenses: 
2024-09-25 15:44:53,919 [INFO] AnalyticsPlugin:259 - Accepted CMSIS Pack Licenses: 
2024-09-25 15:44:53,919 [INFO] AnalyticsPlugin:261 - Accepted Firmware Licenses: 
2024-09-25 15:44:53,920 [INFO] PluginManage:352 - Loaded plugin analytics (category:tool,tabindex:-1)
2024-09-25 15:44:53,920 [INFO] PluginManage:302 - Check plugin clock
2024-09-25 15:44:53,930 [INFO] PluginManage:352 - Loaded plugin clock (category:base,tabindex:2)
2024-09-25 15:44:53,930 [INFO] PluginManage:302 - Check plugin ddr
2024-09-25 15:44:53,934 [INFO] PluginManage:352 - Loaded plugin ddr (category:tool,tabindex:6)
2024-09-25 15:44:53,934 [INFO] PluginManage:302 - Check plugin filemanager
2024-09-25 15:44:54,028 [INFO] PluginManage:352 - Loaded plugin filemanager (category:base,tabindex:10)
2024-09-25 15:44:54,028 [INFO] PluginManage:302 - Check plugin ipmanager
2024-09-25 15:44:54,034 [INFO] PluginManage:352 - Loaded plugin ipmanager (category:base,tabindex:5)
2024-09-25 15:44:54,034 [INFO] PluginManage:302 - Check plugin pinoutandconfiguration
2024-09-25 15:44:54,042 [INFO] PluginManage:352 - Loaded plugin pinoutandconfiguration (category:base,tabindex:1)
2024-09-25 15:44:54,042 [INFO] PluginManage:302 - Check plugin pinoutconfig
2024-09-25 15:44:54,065 [INFO] PluginManage:352 - Loaded plugin pinoutconfig (category:base,tabindex:0)
2024-09-25 15:44:54,066 [INFO] PluginManage:302 - Check plugin power
2024-09-25 15:44:54,075 [INFO] PluginManage:352 - Loaded plugin power (category:power,tabindex:4)
2024-09-25 15:44:54,075 [INFO] PluginManage:302 - Check plugin projectmanager
2024-09-25 15:44:54,088 [INFO] PluginManage:352 - Loaded plugin projectmanager (category:projectmanager,tabindex:3)
2024-09-25 15:44:54,088 [INFO] PluginManage:302 - Check plugin thirdparty
2024-09-25 15:44:54,187 [INFO] PluginManage:352 - Loaded plugin thirdparty (category:base,tabindex:-1)
2024-09-25 15:44:54,187 [INFO] PluginManage:302 - Check plugin tools
2024-09-25 15:44:54,187 [WARN] IntegrityCheckThread:78 - waiting for thirdparty lock release [integrity check]
2024-09-25 15:44:54,189 [INFO] IntegrityCheckThread:80 - entering critical section [integrity check]
2024-09-25 15:44:54,189 [INFO] ThirdPartyUpdaterWithRetryManager:66 - Updater plugin not ready yet. [1/15]
2024-09-25 15:44:54,190 [INFO] PluginManage:352 - Loaded plugin tools (category:base,tabindex:7)
2024-09-25 15:44:54,190 [INFO] PluginManage:302 - Check plugin tutovideos
2024-09-25 15:44:54,365 [INFO] PluginManage:352 - Loaded plugin tutovideos (category:base,tabindex:-1)
2024-09-25 15:44:54,365 [INFO] PluginManage:302 - Check plugin updater
2024-09-25 15:44:54,376 [INFO] PluginManage:352 - Loaded plugin updater (category:base,tabindex:12)
2024-09-25 15:44:54,376 [INFO] PluginManage:275 - PluginManage : Loaded plugins [13]
2024-09-25 15:44:54,512 [INFO] PinOutPanel:1463 - setPackage(No Configuration,No Configuration)
2024-09-25 15:44:54,579 [INFO] IPUIPlugin:74 - create IPUIPlugin
2024-09-25 15:44:54,579 [INFO] PluginManager:213 - loadIPPluginJar : add adc
2024-09-25 15:44:54,580 [INFO] IPUIPlugin:74 - create IPUIPlugin
2024-09-25 15:44:54,581 [INFO] PluginManager:213 - loadIPPluginJar : add aes
2024-09-25 15:44:54,583 [INFO] IPUIPlugin:74 - create IPUIPlugin
2024-09-25 15:44:54,584 [INFO] PluginManager:213 - loadIPPluginJar : add can
2024-09-25 15:44:54,585 [INFO] IPUIPlugin:74 - create IPUIPlugin
2024-09-25 15:44:54,585 [INFO] PluginManager:213 - loadIPPluginJar : add comp
2024-09-25 15:44:54,586 [INFO] IPUIPlugin:74 - create IPUIPlugin
2024-09-25 15:44:54,586 [INFO] PluginManager:213 - loadIPPluginJar : add cryp
2024-09-25 15:44:54,588 [INFO] IPUIPlugin:74 - create IPUIPlugin
2024-09-25 15:44:54,588 [INFO] PluginManager:213 - loadIPPluginJar : add dfsdm
2024-09-25 15:44:54,592 [INFO] IPUIPlugin:74 - create IPUIPlugin
2024-09-25 15:44:54,593 [INFO] PluginManager:213 - loadIPPluginJar : add dma
2024-09-25 15:44:54,594 [INFO] IPUIPlugin:74 - create IPUIPlugin
2024-09-25 15:44:54,594 [INFO] PluginManager:213 - loadIPPluginJar : add dma3
2024-09-25 15:44:54,595 [INFO] IPUIPlugin:74 - create IPUIPlugin
2024-09-25 15:44:54,595 [INFO] PluginManager:213 - loadIPPluginJar : add fatfs
2024-09-25 15:44:54,599 [INFO] IPUIPlugin:74 - create IPUIPlugin
2024-09-25 15:44:54,599 [INFO] PluginManager:213 - loadIPPluginJar : add fmc
2024-09-25 15:44:54,607 [INFO] IPUIPlugin:74 - create IPUIPlugin
2024-09-25 15:44:54,607 [INFO] PluginManager:213 - loadIPPluginJar : add freertos
2024-09-25 15:44:54,608 [INFO] IPUIPlugin:74 - create IPUIPlugin
2024-09-25 15:44:54,608 [INFO] PluginManager:213 - loadIPPluginJar : add genericplugin
2024-09-25 15:44:54,610 [INFO] IPUIPlugin:74 - create IPUIPlugin
2024-09-25 15:44:54,611 [INFO] PluginManager:213 - loadIPPluginJar : add gfxmmu
2024-09-25 15:44:54,616 [INFO] IPUIPlugin:74 - create IPUIPlugin
2024-09-25 15:44:54,616 [INFO] PluginManager:213 - loadIPPluginJar : add gic
2024-09-25 15:44:54,619 [INFO] IPUIPlugin:74 - create IPUIPlugin
2024-09-25 15:44:54,620 [INFO] PluginManager:213 - loadIPPluginJar : add gpio
2024-09-25 15:44:54,622 [INFO] IPUIPlugin:74 - create IPUIPlugin
2024-09-25 15:44:54,622 [INFO] PluginManager:213 - loadIPPluginJar : add gtzc
2024-09-25 15:44:54,624 [INFO] IPUIPlugin:74 - create IPUIPlugin
2024-09-25 15:44:54,625 [INFO] PluginManager:213 - loadIPPluginJar : add hash
2024-09-25 15:44:54,626 [INFO] IPUIPlugin:74 - create IPUIPlugin
2024-09-25 15:44:54,626 [INFO] PluginManager:213 - loadIPPluginJar : add i2c
2024-09-25 15:44:54,628 [INFO] IPUIPlugin:74 - create IPUIPlugin
2024-09-25 15:44:54,628 [INFO] PluginManager:213 - loadIPPluginJar : add i2s
2024-09-25 15:44:54,631 [INFO] IPUIPlugin:74 - create IPUIPlugin
2024-09-25 15:44:54,631 [INFO] PluginManager:213 - loadIPPluginJar : add ipddr
2024-09-25 15:44:54,637 [INFO] IPUIPlugin:74 - create IPUIPlugin
2024-09-25 15:44:54,637 [INFO] PluginManager:213 - loadIPPluginJar : add linkedlist
2024-09-25 15:44:54,638 [INFO] IPUIPlugin:74 - create IPUIPlugin
2024-09-25 15:44:54,638 [INFO] PluginManager:213 - loadIPPluginJar : add lorawan
2024-09-25 15:44:54,640 [INFO] IPUIPlugin:74 - create IPUIPlugin
2024-09-25 15:44:54,640 [INFO] PluginManager:213 - loadIPPluginJar : add ltdc
2024-09-25 15:44:54,642 [INFO] IPUIPlugin:74 - create IPUIPlugin
2024-09-25 15:44:54,642 [INFO] PluginManager:213 - loadIPPluginJar : add mdma
2024-09-25 15:44:54,645 [INFO] IPUIPlugin:74 - create IPUIPlugin
2024-09-25 15:44:54,645 [INFO] PluginManager:213 - loadIPPluginJar : add nvic
2024-09-25 15:44:54,648 [INFO] IPUIPlugin:74 - create IPUIPlugin
2024-09-25 15:44:54,648 [INFO] PluginManager:213 - loadIPPluginJar : add opamp
2024-09-25 15:44:54,649 [INFO] IPUIPlugin:74 - create IPUIPlugin
2024-09-25 15:44:54,649 [INFO] PluginManager:213 - loadIPPluginJar : add openamp
2024-09-25 15:44:54,652 [INFO] IPUIPlugin:74 - create IPUIPlugin
2024-09-25 15:44:54,652 [INFO] PluginManager:213 - loadIPPluginJar : add pdm2pcm
2024-09-25 15:44:54,657 [INFO] IPUIPlugin:74 - create IPUIPlugin
2024-09-25 15:44:54,660 [INFO] PluginManager:213 - loadIPPluginJar : add plateformsettings
2024-09-25 15:44:54,662 [INFO] IPUIPlugin:74 - create IPUIPlugin
2024-09-25 15:44:54,662 [INFO] PluginManager:213 - loadIPPluginJar : add quadspi
2024-09-25 15:44:54,666 [INFO] IPUIPlugin:74 - create IPUIPlugin
2024-09-25 15:44:54,666 [INFO] PluginManager:213 - loadIPPluginJar : add resmgrutility
2024-09-25 15:44:54,668 [INFO] IPUIPlugin:74 - create IPUIPlugin
2024-09-25 15:44:54,668 [INFO] PluginManager:213 - loadIPPluginJar : add sai
2024-09-25 15:44:54,682 [INFO] IPUIPlugin:74 - create IPUIPlugin
2024-09-25 15:44:54,683 [INFO] PluginManager:213 - loadIPPluginJar : add spi
2024-09-25 15:44:54,688 [INFO] IPUIPlugin:74 - create IPUIPlugin
2024-09-25 15:44:54,688 [INFO] PluginManager:213 - loadIPPluginJar : add stm32_wpan
2024-09-25 15:44:54,690 [INFO] IPUIPlugin:74 - create IPUIPlugin
2024-09-25 15:44:54,690 [INFO] PluginManager:213 - loadIPPluginJar : add tim
2024-09-25 15:44:54,692 [INFO] IPUIPlugin:74 - create IPUIPlugin
2024-09-25 15:44:54,692 [INFO] PluginManager:213 - loadIPPluginJar : add touchsensing
2024-09-25 15:44:54,693 [INFO] IPUIPlugin:74 - create IPUIPlugin
2024-09-25 15:44:54,693 [INFO] PluginManager:213 - loadIPPluginJar : add tracer_emb
2024-09-25 15:44:54,694 [INFO] IPUIPlugin:74 - create IPUIPlugin
2024-09-25 15:44:54,695 [INFO] PluginManager:213 - loadIPPluginJar : add ts
2024-09-25 15:44:54,695 [INFO] IPUIPlugin:74 - create IPUIPlugin
2024-09-25 15:44:54,695 [INFO] PluginManager:213 - loadIPPluginJar : add tsc
2024-09-25 15:44:54,697 [INFO] IPUIPlugin:74 - create IPUIPlugin
2024-09-25 15:44:54,697 [INFO] PluginManager:213 - loadIPPluginJar : add ucpd
2024-09-25 15:44:54,699 [INFO] IPUIPlugin:74 - create IPUIPlugin
2024-09-25 15:44:54,700 [INFO] PluginManager:213 - loadIPPluginJar : add usart
2024-09-25 15:44:54,702 [INFO] IPUIPlugin:74 - create IPUIPlugin
2024-09-25 15:44:54,702 [INFO] PluginManager:213 - loadIPPluginJar : add usbx
2024-09-25 15:44:54,958 [FATAL] Updater:294 - Updater called before beeing initialized
2024-09-25 15:44:55,032 [FATAL] Updater:294 - Updater called before beeing initialized
2024-09-25 15:44:55,035 [INFO] DbMcusAds:47 - JSON generation date=Fri Sep 20 20:04:23 ICT 2024 (1726837463113)
2024-09-25 15:44:55,035 [FATAL] Updater:294 - Updater called before beeing initialized
2024-09-25 15:44:55,068 [WARN] DetailPanel:314 - Failed to get advertising image, set to default
2024-09-25 15:44:55,131 [FATAL] Updater:294 - Updater called before beeing initialized
2024-09-25 15:44:55,132 [FATAL] Updater:294 - Updater called before beeing initialized
2024-09-25 15:44:55,132 [FATAL] Updater:294 - Updater called before beeing initialized
2024-09-25 15:44:55,132 [WARN] DetailPanel:314 - Failed to get advertising image, set to default
2024-09-25 15:44:55,133 [FATAL] Updater:294 - Updater called before beeing initialized
2024-09-25 15:44:55,166 [ERROR] Updater:1075 - MainUpdater not yet initialized. External WinMGr cannot be set.
2024-09-25 15:44:55,168 [INFO] Updater:1012 - Updater Version found : 6.3.0
2024-09-25 15:44:55,187 [INFO] ApplicationProperties:181 - Using Application install path: C:\ST\STM32CubeIDE_1.7.0\STM32CubeIDE\plugins\com.st.stm32cube.common.mx_6.3.0.202107141111
2024-09-25 15:44:55,415 [INFO] MainUpdater:2671 - connection check result : 10
2024-09-25 15:44:55,416 [INFO] MainUpdater:265 - Updater Check For Update Now.
2024-09-25 15:44:55,416 [INFO] MicroXplorer:478 - Change Database Version : DB.6.0.30
2024-09-25 15:44:55,574 [INFO] CheckServerUpdateThread:112 - End of CheckServer Thread
2024-09-25 15:44:55,647 [INFO] MainUpdater:2671 - connection check result : 10
2024-09-25 15:44:55,653 [INFO] McuFinderGlobals:52 - Set McuFinderConnectedMode to true
2024-09-25 15:44:55,884 [INFO] ServerAccessManage:362 - Download File mcusAds.json._tmp_
2024-09-25 15:44:55,999 [INFO] LoadUrlFilesThread:145 - End of LoadUrlFiles Thread
2024-09-25 15:44:56,692 [INFO] ServerAccessManage:362 - Download File mcusDocs.json._tmp_
2024-09-25 15:44:57,200 [WARN] MainUpdater:1122 - Updater busy. Cannot search thirdparties
2024-09-25 15:44:57,200 [INFO] ThirdPartyUpdaterWithRetryManager:92 - Updater plugin is busy. [1/15]
2024-09-25 15:44:57,412 [INFO] LoadUrlFilesThread:145 - End of LoadUrlFiles Thread
2024-09-25 15:44:57,665 [INFO] ServerAccessManage:362 - Download File mcusFeaturesAndDescription.json._tmp_
2024-09-25 15:45:00,214 [WARN] MainUpdater:1122 - Updater busy. Cannot search thirdparties
2024-09-25 15:45:00,214 [INFO] ThirdPartyUpdaterWithRetryManager:92 - Updater plugin is busy. [2/15]
2024-09-25 15:45:01,528 [INFO] LoadUrlFilesThread:145 - End of LoadUrlFiles Thread
2024-09-25 15:45:01,720 [INFO] ServerAccessManage:362 - Download File boardsDocs.json._tmp_
2024-09-25 15:45:01,840 [INFO] LoadUrlFilesThread:145 - End of LoadUrlFiles Thread
2024-09-25 15:45:02,026 [INFO] ServerAccessManage:362 - Download File boards.json._tmp_
2024-09-25 15:45:02,243 [INFO] LoadUrlFilesThread:145 - End of LoadUrlFiles Thread
2024-09-25 15:45:02,582 [INFO] ServerAccessManage:362 - Download File cube-finder-db.zip
2024-09-25 15:45:03,225 [WARN] MainUpdater:1122 - Updater busy. Cannot search thirdparties
2024-09-25 15:45:03,225 [INFO] ThirdPartyUpdaterWithRetryManager:92 - Updater plugin is busy. [3/15]
2024-09-25 15:45:06,240 [WARN] MainUpdater:1122 - Updater busy. Cannot search thirdparties
2024-09-25 15:45:06,240 [INFO] ThirdPartyUpdaterWithRetryManager:92 - Updater plugin is busy. [4/15]
2024-09-25 15:45:09,242 [WARN] MainUpdater:1122 - Updater busy. Cannot search thirdparties
2024-09-25 15:45:09,242 [INFO] ThirdPartyUpdaterWithRetryManager:92 - Updater plugin is busy. [5/15]
2024-09-25 15:45:12,244 [WARN] MainUpdater:1122 - Updater busy. Cannot search thirdparties
2024-09-25 15:45:12,244 [INFO] ThirdPartyUpdaterWithRetryManager:92 - Updater plugin is busy. [6/15]
2024-09-25 15:45:15,252 [WARN] MainUpdater:1122 - Updater busy. Cannot search thirdparties
2024-09-25 15:45:15,252 [INFO] ThirdPartyUpdaterWithRetryManager:92 - Updater plugin is busy. [7/15]
2024-09-25 15:45:18,258 [WARN] MainUpdater:1122 - Updater busy. Cannot search thirdparties
2024-09-25 15:45:18,258 [INFO] ThirdPartyUpdaterWithRetryManager:92 - Updater plugin is busy. [8/15]
2024-09-25 15:45:20,436 [INFO] FileExtend:235 - Unzip File : cube-finder-db.zip
2024-09-25 15:45:20,436 [INFO] FileExtend:250 - Standard Zip Deflate
2024-09-25 15:45:21,171 [INFO] LoadUrlFilesThread:145 - End of LoadUrlFiles Thread
2024-09-25 15:45:21,265 [WARN] MainUpdater:1122 - Updater busy. Cannot search thirdparties
2024-09-25 15:45:21,265 [INFO] ThirdPartyUpdaterWithRetryManager:92 - Updater plugin is busy. [9/15]
2024-09-25 15:45:22,334 [INFO] ServerAccessManage:362 - Download File crdb.zip
2024-09-25 15:45:23,947 [INFO] FileExtend:235 - Unzip File : crdb.zip
2024-09-25 15:45:23,948 [INFO] FileExtend:250 - Standard Zip Deflate
2024-09-25 15:45:24,093 [INFO] LoadUrlFilesThread:145 - End of LoadUrlFiles Thread
2024-09-25 15:45:24,274 [WARN] MainUpdater:1122 - Updater busy. Cannot search thirdparties
2024-09-25 15:45:24,274 [INFO] ThirdPartyUpdaterWithRetryManager:92 - Updater plugin is busy. [10/15]
2024-09-25 15:45:24,427 [INFO] ServerAccessManage:362 - Download File tutoVideoDB.zip
2024-09-25 15:45:24,484 [INFO] FileExtend:235 - Unzip File : tutoVideoDB.zip
2024-09-25 15:45:24,484 [INFO] FileExtend:250 - Standard Zip Deflate
2024-09-25 15:45:24,602 [INFO] LoadUrlFilesThread:145 - End of LoadUrlFiles Thread
2024-09-25 15:45:24,604 [INFO] DbMcusAds:47 - JSON generation date=Fri Sep 20 20:04:23 ICT 2024 (1726837463113)
2024-09-25 15:45:24,618 [INFO] DbMcusDocs:143 - JSON generation date=Tue Nov 16 23:17:54 ICT 2021 (1637079474)
2024-09-25 15:45:24,619 [INFO] DbMcusXml:100 - Load MCU database from C:\ST\STM32CubeIDE_1.7.0\STM32CubeIDE\plugins\com.st.stm32cube.common.mx_6.3.0.202107141111\\db\/mcu/families.xml
2024-09-25 15:45:25,304 [INFO] DbMcusJson:93 - JSON generation date=Tue Nov 16 23:17:54 ICT 2021 (1637079474)
2024-09-25 15:45:25,903 [INFO] DbMcus:175 - Found 1951 MCUs (1903 are supported by CubeMX, 1914 are visible in CubeMX)
2024-09-25 15:45:25,903 [INFO] ApiDb:251 - Load user favorites file C:\Users\TIEN DUY/.stm32cubeide/favorites.mcus.txt: 0 item(s)
2024-09-25 15:45:25,903 [INFO] ApiDb:255 - User favorites MCUs=[]
2024-09-25 15:45:25,903 [INFO] DbMcus:187 - Set 0 / 0 favorites MCUs
2024-09-25 15:45:26,231 [INFO] DbMcusDocs:79 - Found 682 MCUs documents
2024-09-25 15:45:26,234 [INFO] ApiDb:276 - Save user favorites file C:\Users\TIEN DUY/.stm32cubeide/favorites.mcus.txt: 0 item(s)
2024-09-25 15:45:26,234 [INFO] ApiDb:280 - User favorites MCUs=[]
2024-09-25 15:45:26,234 [INFO] DbMcusXml:100 - Load MCU database from C:\ST\STM32CubeIDE_1.7.0\STM32CubeIDE\plugins\com.st.stm32cube.common.mx_6.3.0.202107141111\\db\/mcu/families.xml
2024-09-25 15:45:26,834 [INFO] DbMcusJson:93 - JSON generation date=Tue Nov 16 23:17:54 ICT 2021 (1637079474)
2024-09-25 15:45:27,359 [INFO] DbMcus:175 - Found 1951 MCUs (1903 are supported by CubeMX, 1914 are visible in CubeMX)
2024-09-25 15:45:27,359 [INFO] ApiDb:251 - Load user favorites file C:\Users\TIEN DUY/.stm32cubeide/favorites.mcus.txt: 0 item(s)
2024-09-25 15:45:27,359 [INFO] ApiDb:255 - User favorites MCUs=[]
2024-09-25 15:45:27,359 [INFO] DbMcus:187 - Set 0 / 0 favorites MCUs
2024-09-25 15:45:27,365 [INFO] DbBoardsDocs:143 - JSON generation date=Tue Nov 16 23:17:54 ICT 2021 (1637079474)
2024-09-25 15:45:27,372 [INFO] DbBoardsPdsc:90 - Found 25 items
2024-09-25 15:45:27,373 [INFO] DbBoardsPdsc:90 - Found 9 items
2024-09-25 15:45:27,377 [INFO] DbBoardsPdsc:90 - Found 33 items
2024-09-25 15:45:27,378 [INFO] DbBoardsPdsc:90 - Found 1 items
2024-09-25 15:45:27,382 [INFO] DbBoardsPdsc:90 - Found 48 items
2024-09-25 15:45:27,391 [INFO] DbBoardsPdsc:90 - Found 43 items
2024-09-25 15:45:27,391 [ERROR] Engine:463 - C:\Users\TIEN DUY\.stm32cubemx\thirdparties\pdsc\STMicroelectronics.FP-SNS-MOTENVWB1.1.4.0.pdsc: PDSC version is not supported
2024-09-25 15:45:27,393 [INFO] DbBoardsPdsc:90 - Found 2 items
2024-09-25 15:45:27,395 [INFO] DbBoardsPdsc:90 - Found 5 items
2024-09-25 15:45:27,396 [ERROR] Engine:463 - C:\Users\TIEN DUY\.stm32cubemx\thirdparties\pdsc\STMicroelectronics.X-CUBE-SMBUS.2.1.0.pdsc: PDSC version is not supported
2024-09-25 15:45:27,401 [WARN] DbBoardsPdsc:254 - Board STM32H7B3I-DK: unknown feature type=Audio, name=, username=Audio stereo codec with Headphone Amp (CS42L51-CNZ), n=1
2024-09-25 15:45:27,401 [WARN] DbBoardsPdsc:254 - Board STM32H735G-DK: unknown feature type=Audio, name=, username=Audio stereo codec with Headphone Amp (WM8994ECS/R), n=1
2024-09-25 15:45:27,406 [WARN] DbBoardsPdsc:254 - Board STM32H7B3I-EVAL: unknown feature type=Audio, name=, username=Multi-Channel Audio Codec (CS42L51-CNZ), n=1
2024-09-25 15:45:27,406 [WARN] DbBoardsPdsc:254 - Board STM32H7B3I-EVAL: unknown feature type=Meter, name=, username=Power-metering and Temperature-monitoring with sigma-delta modulators, n=1
2024-09-25 15:45:27,406 [WARN] DbBoardsPdsc:254 - Board STM32H7B3I-EVAL: unknown feature type=Motor, name=, username=Motor Control, n=1
2024-09-25 15:45:27,407 [WARN] DbBoardsPdsc:254 - Board STM32U575I-EV: unknown feature type=joystick, name=, username=4-direction joystick with selection button, n=1
2024-09-25 15:45:27,426 [INFO] DbBoardsJson:86 - JSON generation date=Tue Nov 16 23:17:54 ICT 2021 (1637079474)
2024-09-25 15:45:27,435 [INFO] DbBoards:117 - Found 167 boards (163 are supported by CubeMX)
2024-09-25 15:45:27,437 [INFO] DbBoardsDocs:143 - JSON generation date=Tue Nov 16 23:17:54 ICT 2021 (1637079474)
2024-09-25 15:45:27,441 [INFO] DbBoardsDocs:79 - Found 209 boards documents
2024-09-25 15:45:27,443 [WARN] DbBoards:127 - board B-L475E-IOT01A2 has no document id list !
2024-09-25 15:45:27,444 [WARN] DbBoards:127 - board NUCLEO-H743ZI has no document id list !
2024-09-25 15:45:27,445 [WARN] DbBoards:127 - board NUCLEO-WL55JC2 has no document id list !
2024-09-25 15:45:27,445 [WARN] PackLoader:238 - Cannot read IP mode file for STMicroelectronics.X-CUBE-AZRTOS-F7.1.1.0
2024-09-25 15:45:27,445 [WARN] DbBoards:127 - board P-NUCLEO-WB55-Nucleo has no document id list !
2024-09-25 15:45:27,445 [WARN] DbBoards:127 - board P-NUCLEO-WB55-USBDongle has no document id list !
2024-09-25 15:45:27,445 [WARN] DbBoards:127 - board STEVAL-BFA001V1B has no document id list !
2024-09-25 15:45:27,445 [WARN] DbBoards:127 - board STEVAL-BFA001V2B has no document id list !
2024-09-25 15:45:27,445 [WARN] DbBoards:127 - board STEVAL-IDP005V1 has no document id list !
2024-09-25 15:45:27,445 [WARN] DbBoards:127 - board STEVAL-IDP005V2 has no document id list !
2024-09-25 15:45:27,445 [WARN] DbBoards:127 - board STEVAL-MKSBOX1V1 has no document id list !
2024-09-25 15:45:27,446 [WARN] DbBoards:127 - board STEVAL-STWINKT1 has no document id list !
2024-09-25 15:45:27,446 [WARN] DbBoards:127 - board STEVAL-STWINKT1B has no document id list !
2024-09-25 15:45:27,446 [WARN] DbBoards:127 - board STM32439I-EVAL2 has no document id list !
2024-09-25 15:45:27,446 [WARN] DbBoards:127 - board STM32F401C-DISCO has no document id list !
2024-09-25 15:45:27,447 [WARN] DbBoards:127 - board STM32F769I-DISC1 has no document id list !
2024-09-25 15:45:27,447 [WARN] DbBoards:127 - board STM32G474E-EVAL1 has no document id list !
2024-09-25 15:45:27,447 [WARN] DbBoards:127 - board STM32H743I-EVAL2 has no document id list !
2024-09-25 15:45:27,447 [WARN] DbBoards:127 - board STM32H747I-DISC1 has no document id list !
2024-09-25 15:45:27,448 [WARN] DbBoards:127 - board STM32H753I-EVAL2 has no document id list !
2024-09-25 15:45:27,448 [WARN] DbBoards:127 - board STM32L-DISCOVERY has no document id list !
2024-09-25 15:45:27,560 [WARN] PackLoader:238 - Cannot read IP mode file for STMicroelectronics.X-CUBE-MEMS1.11.0.0
2024-09-25 15:45:27,629 [ERROR] DbBoards:189 - Image file not found for board B-U585I-IOT02A: C:\ST\STM32CubeIDE_1.7.0\STM32CubeIDE\plugins\com.st.stm32cube.common.mx_6.3.0.202107141111\\db\/plugins/mcufinder/images/boards/B-U585I-IOT02A_small.jpg
2024-09-25 15:45:27,760 [ERROR] Engine:463 - C:\Users\TIEN DUY\.stm32cubemx\thirdparties\pdsc\STMicroelectronics.FP-SNS-FLIGHT1.5.0.2.pdsc: PDSC version is not supported
2024-09-25 15:45:27,762 [ERROR] Engine:463 - C:\Users\TIEN DUY\.stm32cubemx\thirdparties\pdsc\STMicroelectronics.X-CUBE-DISPLAY.3.0.0.pdsc: PDSC version is not supported
2024-09-25 15:45:27,763 [ERROR] DbBoards:189 - Image file not found for board NUCLEO-F413ZH: C:\ST\STM32CubeIDE_1.7.0\STM32CubeIDE\plugins\com.st.stm32cube.common.mx_6.3.0.202107141111\\db\/plugins/mcufinder/images/boards/nucleo-f413zh_small.jpg
2024-09-25 15:45:27,783 [WARN] PackLoader:238 - Cannot read IP mode file for STMicroelectronics.X-CUBE-BLE1.7.0.0
2024-09-25 15:45:27,789 [ERROR] Engine:463 - C:\Users\TIEN DUY\.stm32cubemx\thirdparties\pdsc\emotas.I-CUBE-CANOPEN.1.3.0.pdsc: PDSC version is not supported
2024-09-25 15:45:27,792 [ERROR] Engine:463 - C:\Users\TIEN DUY\.stm32cubemx\thirdparties\pdsc\STMicroelectronics.X-CUBE-BLEMGR.3.1.0.pdsc: PDSC version is not supported
2024-09-25 15:45:27,794 [ERROR] Engine:463 - C:\Users\TIEN DUY\.stm32cubemx\thirdparties\pdsc\STMicroelectronics.FP-SNS-SMARTAG2.1.2.0.pdsc: PDSC version is not supported
2024-09-25 15:45:27,813 [INFO] LogOutputStream:76 - [STDOUT_REDIRECT] 1 : Invalid condition id : UX_CORESTACK_Condition cause : null
2024-09-25 15:45:27,815 [INFO] LogOutputStream:76 - [STDOUT_REDIRECT] 1 : Invalid condition id : UX_CORESTACK_Condition cause : null
2024-09-25 15:45:27,815 [INFO] LogOutputStream:76 - [STDOUT_REDIRECT] 1 : Invalid condition id : UX_CORESTACK_Condition cause : null
2024-09-25 15:45:27,817 [INFO] LogOutputStream:76 - [STDOUT_REDIRECT] 1 : Invalid condition id : UX_CORESTACK_Condition cause : null
2024-09-25 15:45:27,818 [INFO] LogOutputStream:76 - [STDOUT_REDIRECT] 1 : Invalid condition id : UX_CORESTACK_Condition cause : null
2024-09-25 15:45:27,821 [WARN] PackLoader:238 - Cannot read IP mode file for STMicroelectronics.X-CUBE-AZRTOS-WL.2.0.0
2024-09-25 15:45:27,824 [ERROR] Engine:463 - C:\Users\TIEN DUY\.stm32cubemx\thirdparties\pdsc\STMicroelectronics.FP-SNS-MOTENV1.5.0.0.pdsc: PDSC version is not supported
2024-09-25 15:45:27,829 [WARN] PackLoader:238 - Cannot read IP mode file for wolfSSL.I-CUBE-wolfMQTT.1.19.0
2024-09-25 15:45:27,837 [WARN] PackLoader:238 - Cannot read IP mode file for WES.I-CUBE-Cesium.1.3.0
2024-09-25 15:45:27,842 [WARN] PackLoader:238 - Cannot read IP mode file for STMicroelectronics.X-CUBE-BLE2.3.3.0
2024-09-25 15:45:27,847 [ERROR] Engine:463 - C:\Users\TIEN DUY\.stm32cubemx\thirdparties\pdsc\STMicroelectronics.X-CUBE-TCPP.4.1.0.pdsc: PDSC version is not supported
2024-09-25 15:45:27,868 [WARN] PackLoader:238 - Cannot read IP mode file for STMicroelectronics.X-CUBE-AZRTOS-G0.1.1.0
2024-09-25 15:45:27,875 [WARN] PackLoader:238 - Cannot read IP mode file for STMicroelectronics.X-CUBE-SAFEA1.1.2.2
2024-09-25 15:45:27,879 [WARN] PackLoader:238 - Cannot read IP mode file for STMicroelectronics.X-CUBE-NFC4.3.0.0
2024-09-25 15:45:27,882 [ERROR] Engine:463 - C:\Users\TIEN DUY\.stm32cubemx\thirdparties\pdsc\EmbeddedOffice.I-CUBE-FS-RTOS.1.0.1.pdsc: PDSC version is not supported
2024-09-25 15:45:27,884 [ERROR] Engine:463 - C:\Users\TIEN DUY\.stm32cubemx\thirdparties\pdsc\RealThread.X-CUBE-RT-Thread_Nano.4.1.1.pdsc: PDSC version is not supported
2024-09-25 15:45:27,886 [WARN] PackLoader:238 - Cannot read IP mode file for STMicroelectronics.FP-ATR-SIGFOX1.3.2.0
2024-09-25 15:45:27,890 [WARN] PackLoader:238 - Cannot read IP mode file for wolfSSL.I-CUBE-wolfSSL.5.7.2
2024-09-25 15:45:27,894 [WARN] PackLoader:238 - Cannot read IP mode file for STMicroelectronics.X-CUBE-EEPRMA1.5.1.0
2024-09-25 15:45:27,903 [ERROR] Engine:463 - C:\Users\TIEN DUY\.stm32cubemx\thirdparties\pdsc\ITTIA_DB.I-CUBE-ITTIADB.8.9.0.pdsc: PDSC version is not supported
2024-09-25 15:45:27,924 [WARN] PackLoader:238 - Cannot read IP mode file for SEGGER.I-CUBE-embOS.1.3.1
2024-09-25 15:45:27,940 [ERROR] DbBoards:189 - Image file not found for board NUCLEO-L552ZE-Q: C:\ST\STM32CubeIDE_1.7.0\STM32CubeIDE\plugins\com.st.stm32cube.common.mx_6.3.0.202107141111\\db\/plugins/mcufinder/images/boards/nucleo_l552ze_q_small.jpg
2024-09-25 15:45:27,941 [ERROR] DbBoards:189 - Image file not found for board NUCLEO-U575ZI-Q: C:\ST\STM32CubeIDE_1.7.0\STM32CubeIDE\plugins\com.st.stm32cube.common.mx_6.3.0.202107141111\\db\/plugins/mcufinder/images/boards/nucleo-u575zi-q_small.jpg
2024-09-25 15:45:27,941 [ERROR] DbBoards:189 - Image file not found for board NUCLEO-WB15CC: C:\ST\STM32CubeIDE_1.7.0\STM32CubeIDE\plugins\com.st.stm32cube.common.mx_6.3.0.202107141111\\db\/plugins/mcufinder/images/boards/nucleo-wb15cc_small.jpg
2024-09-25 15:45:27,941 [ERROR] DbBoards:189 - Image file not found for board NUCLEO-WB55RG: C:\ST\STM32CubeIDE_1.7.0\STM32CubeIDE\plugins\com.st.stm32cube.common.mx_6.3.0.202107141111\\db\/plugins/mcufinder/images/boards/nucleo-wb55rg_small.jpg
2024-09-25 15:45:27,961 [WARN] PackLoader:238 - Cannot read IP mode file for STMicroelectronics.X-CUBE-ALGOBUILD.1.4.0
2024-09-25 15:45:27,975 [WARN] PackLoader:238 - Cannot read IP mode file for STMicroelectronics.X-CUBE-AZRTOS-F4.1.1.0
2024-09-25 15:45:27,982 [WARN] PackLoader:238 - Cannot read IP mode file for STMicroelectronics.X-CUBE-ISPU.2.1.0
2024-09-25 15:45:27,984 [ERROR] Engine:463 - C:\Users\TIEN DUY\.stm32cubemx\thirdparties\pdsc\STMicroelectronics.X-CUBE-FREERTOS.1.2.0.pdsc: PDSC version is not supported
2024-09-25 15:45:28,003 [WARN] PackLoader:238 - Cannot read IP mode file for STMicroelectronics.X-CUBE-AZRTOS-L5.2.0.0
2024-09-25 15:45:28,012 [WARN] PackLoader:238 - Cannot read IP mode file for STMicroelectronics.X-CUBE-NFC6.3.1.0
2024-09-25 15:45:28,015 [ERROR] Engine:463 - C:\Users\TIEN DUY\.stm32cubemx\thirdparties\pdsc\STMicroelectronics.X-CUBE-DPower.1.2.0.pdsc: PDSC version is not supported
2024-09-25 15:45:28,017 [WARN] PackLoader:238 - Cannot read IP mode file for STMicroelectronics.X-CUBE-AI.9.0.0
2024-09-25 15:45:28,020 [WARN] PackLoader:238 - Cannot read IP mode file for STMicroelectronics.X-CUBE-NFC7.1.0.1
2024-09-25 15:45:28,041 [WARN] ConditionMgr:437 - getConditionDescription Invalid condition id : LAN8742 Phy interface Condition cause : null
2024-09-25 15:45:28,041 [WARN] PackLoader:238 - Cannot read IP mode file for STMicroelectronics.X-CUBE-AZRTOS-L4.2.0.0
2024-09-25 15:45:28,042 [WARN] ConditionMgr:1038 - genDependencies : Invalid condition id : LAN8742 Phy interface Condition cause : null
2024-09-25 15:45:28,042 [WARN] ConditionMgr:1038 - genDependencies : Invalid condition id : LAN8742 Phy interface Condition cause : null
2024-09-25 15:45:28,043 [WARN] ConditionMgr:1038 - genDependencies : Invalid condition id : LAN8742 Phy interface Condition cause : null
2024-09-25 15:45:28,048 [WARN] PackLoader:238 - Cannot read IP mode file for STMicroelectronics.X-CUBE-SFXS2LP1.4.0.0
2024-09-25 15:45:28,066 [WARN] PackLoader:238 - Cannot read IP mode file for STMicroelectronics.X-CUBE-AZRTOS-H7.3.3.0
2024-09-25 15:45:28,090 [WARN] ConditionMgr:437 - getConditionDescription Invalid condition id : UX DEVICE CLASS RTOS Condition cause : null
2024-09-25 15:45:28,090 [WARN] ConditionMgr:437 - getConditionDescription Invalid condition id : UX DEVICE CLASS RTOS Condition cause : null
2024-09-25 15:45:28,092 [WARN] PackLoader:238 - Cannot read IP mode file for STMicroelectronics.X-CUBE-AZRTOS-WB.2.0.0
2024-09-25 15:45:28,092 [WARN] ConditionMgr:1038 - genDependencies : Invalid condition id : UX DEVICE CLASS RTOS Condition cause : null
2024-09-25 15:45:28,092 [WARN] ConditionMgr:1038 - genDependencies : Invalid condition id : UX DEVICE CLASS RTOS Condition cause : null
2024-09-25 15:45:28,093 [WARN] ConditionMgr:1038 - genDependencies : Invalid condition id : UX DEVICE CLASS RTOS Condition cause : null
2024-09-25 15:45:28,093 [WARN] ConditionMgr:1038 - genDependencies : Invalid condition id : UX DEVICE CLASS RTOS Condition cause : null
2024-09-25 15:45:28,093 [WARN] ConditionMgr:1038 - genDependencies : Invalid condition id : UX DEVICE CLASS RTOS Condition cause : null
2024-09-25 15:45:28,097 [WARN] PackLoader:238 - Cannot read IP mode file for STMicroelectronics.X-CUBE-GNSS1.7.0.0
2024-09-25 15:45:28,100 [ERROR] Engine:463 - C:\Users\TIEN DUY\.stm32cubemx\thirdparties\pdsc\STMicroelectronics.FP-SNS-STBOX1.2.0.0.pdsc: PDSC version is not supported
2024-09-25 15:45:28,111 [WARN] PackLoader:238 - Cannot read IP mode file for STMicroelectronics.X-CUBE-SUBG2.5.0.0
2024-09-25 15:45:28,119 [ERROR] Engine:463 - C:\Users\TIEN DUY\.stm32cubemx\thirdparties\pdsc\Cesanta.I-CUBE-Mongoose.7.13.0.pdsc: PDSC version is not supported
2024-09-25 15:45:28,148 [WARN] PackLoader:238 - Cannot read IP mode file for STMicroelectronics.X-CUBE-AZRTOS-G4.2.0.0
2024-09-25 15:45:28,152 [WARN] PackLoader:238 - Cannot read IP mode file for STMicroelectronics.X-CUBE-ISPU.2.0.0
2024-09-25 15:45:28,155 [ERROR] Engine:463 - C:\Users\TIEN DUY\.stm32cubemx\thirdparties\pdsc\STMicroelectronics.X-CUBE-ALS.1.0.2.pdsc: PDSC version is not supported
2024-09-25 15:45:28,159 [WARN] PackLoader:238 - Cannot read IP mode file for STMicroelectronics.X-CUBE-TOUCHGFX.4.24.0
2024-09-25 15:45:28,161 [WARN] PackLoader:238 - Cannot read IP mode file for STMicroelectronics.X-CUBE-TOUCHGFX.4.24.1
2024-09-25 15:45:28,165 [WARN] PackLoader:238 - Cannot read IP mode file for wolfSSL.I-CUBE-wolfTPM.3.4.0
2024-09-25 15:45:28,168 [WARN] PackLoader:238 - Cannot read IP mode file for portGmbH.I-Cube-SoM-uGOAL.1.1.0
2024-09-25 15:45:28,183 [WARN] PackLoader:238 - Cannot read IP mode file for STMicroelectronics.X-CUBE-AZRTOS-H7RS.1.0.0
2024-09-25 15:45:28,188 [WARN] PackLoader:238 - Cannot read IP mode file for STMicroelectronics.FP-ATR-ASTRA1.2.0.0
2024-09-25 15:45:28,193 [ERROR] Engine:463 - C:\Users\TIEN DUY\.stm32cubemx\thirdparties\pdsc\STMicroelectronics.X-CUBE-TOF1.3.4.2.pdsc: PDSC version is not supported
2024-09-25 15:45:28,206 [ERROR] Engine:463 - C:\Users\TIEN DUY\.stm32cubemx\thirdparties\pdsc\Infineon.AIROC-Wi-Fi-Bluetooth-STM32.1.6.1.pdsc: PDSC version is not supported
2024-09-25 15:45:28,210 [WARN] PackLoader:238 - Cannot read IP mode file for wolfSSL.I-CUBE-wolfSSH.1.4.17
2024-09-25 15:45:28,211 [INFO] ThirdParty:915 - Integrity check success = true
2024-09-25 15:45:28,211 [INFO] IntegrityCheckThread:94 - exiting critical section [integrity check]
2024-09-25 15:45:28,211 [INFO] IntegrityCheckThread:97 - End integrity checks thread
2024-09-25 15:45:28,865 [INFO] ApiDb:251 - Load user favorites file C:\Users\TIEN DUY/.stm32cubeide/favorites.boards.txt: 0 item(s)
2024-09-25 15:45:28,865 [INFO] ApiDb:255 - User favorites Boards=[]
2024-09-25 15:45:28,865 [INFO] DbBoards:206 - Set 0 / 0 favorites Boards
2024-09-25 15:45:28,867 [INFO] DbBoardsDocs:79 - Found 418 boards documents
2024-09-25 15:45:28,867 [INFO] ApiDb:276 - Save user favorites file C:\Users\TIEN DUY/.stm32cubeide/favorites.boards.txt: 0 item(s)
2024-09-25 15:45:28,868 [INFO] ApiDb:280 - User favorites Boards=[]
2024-09-25 15:45:28,870 [INFO] DbBoardsPdsc:90 - Found 25 items
2024-09-25 15:45:28,872 [INFO] DbBoardsPdsc:90 - Found 9 items
2024-09-25 15:45:28,874 [INFO] DbBoardsPdsc:90 - Found 33 items
2024-09-25 15:45:28,875 [INFO] DbBoardsPdsc:90 - Found 1 items
2024-09-25 15:45:28,878 [INFO] DbBoardsPdsc:90 - Found 48 items
2024-09-25 15:45:28,882 [INFO] DbBoardsPdsc:90 - Found 43 items
2024-09-25 15:45:28,883 [INFO] DbBoardsPdsc:90 - Found 2 items
2024-09-25 15:45:28,883 [INFO] DbBoardsPdsc:90 - Found 5 items
2024-09-25 15:45:28,885 [WARN] DbBoardsPdsc:254 - Board STM32H7B3I-DK: unknown feature type=Audio, name=, username=Audio stereo codec with Headphone Amp (CS42L51-CNZ), n=1
2024-09-25 15:45:28,885 [WARN] DbBoardsPdsc:254 - Board STM32H735G-DK: unknown feature type=Audio, name=, username=Audio stereo codec with Headphone Amp (WM8994ECS/R), n=1
2024-09-25 15:45:28,886 [WARN] DbBoardsPdsc:254 - Board STM32H7B3I-EVAL: unknown feature type=Audio, name=, username=Multi-Channel Audio Codec (CS42L51-CNZ), n=1
2024-09-25 15:45:28,886 [WARN] DbBoardsPdsc:254 - Board STM32H7B3I-EVAL: unknown feature type=Meter, name=, username=Power-metering and Temperature-monitoring with sigma-delta modulators, n=1
2024-09-25 15:45:28,886 [WARN] DbBoardsPdsc:254 - Board STM32H7B3I-EVAL: unknown feature type=Motor, name=, username=Motor Control, n=1
2024-09-25 15:45:28,887 [WARN] DbBoardsPdsc:254 - Board STM32U575I-EV: unknown feature type=joystick, name=, username=4-direction joystick with selection button, n=1
2024-09-25 15:45:28,899 [INFO] DbBoardsJson:86 - JSON generation date=Tue Nov 16 23:17:54 ICT 2021 (1637079474)
2024-09-25 15:45:28,902 [INFO] DbBoards:117 - Found 167 boards (163 are supported by CubeMX)
2024-09-25 15:45:28,903 [WARN] DbBoards:127 - board B-L475E-IOT01A2 has no document id list !
2024-09-25 15:45:28,903 [WARN] DbBoards:127 - board NUCLEO-H743ZI has no document id list !
2024-09-25 15:45:28,904 [WARN] DbBoards:127 - board NUCLEO-WL55JC2 has no document id list !
2024-09-25 15:45:28,904 [WARN] DbBoards:127 - board P-NUCLEO-WB55-Nucleo has no document id list !
2024-09-25 15:45:28,904 [WARN] DbBoards:127 - board P-NUCLEO-WB55-USBDongle has no document id list !
2024-09-25 15:45:28,904 [WARN] DbBoards:127 - board STEVAL-BFA001V1B has no document id list !
2024-09-25 15:45:28,904 [WARN] DbBoards:127 - board STEVAL-BFA001V2B has no document id list !
2024-09-25 15:45:28,904 [WARN] DbBoards:127 - board STEVAL-IDP005V1 has no document id list !
2024-09-25 15:45:28,904 [WARN] DbBoards:127 - board STEVAL-IDP005V2 has no document id list !
2024-09-25 15:45:28,904 [WARN] DbBoards:127 - board STEVAL-MKSBOX1V1 has no document id list !
2024-09-25 15:45:28,904 [WARN] DbBoards:127 - board STEVAL-STWINKT1 has no document id list !
2024-09-25 15:45:28,904 [WARN] DbBoards:127 - board STEVAL-STWINKT1B has no document id list !
2024-09-25 15:45:28,904 [WARN] DbBoards:127 - board STM32439I-EVAL2 has no document id list !
2024-09-25 15:45:28,904 [WARN] DbBoards:127 - board STM32F401C-DISCO has no document id list !
2024-09-25 15:45:28,904 [WARN] DbBoards:127 - board STM32F769I-DISC1 has no document id list !
2024-09-25 15:45:28,904 [WARN] DbBoards:127 - board STM32G474E-EVAL1 has no document id list !
2024-09-25 15:45:28,905 [WARN] DbBoards:127 - board STM32H743I-EVAL2 has no document id list !
2024-09-25 15:45:28,905 [WARN] DbBoards:127 - board STM32H747I-DISC1 has no document id list !
2024-09-25 15:45:28,905 [WARN] DbBoards:127 - board STM32H753I-EVAL2 has no document id list !
2024-09-25 15:45:28,905 [WARN] DbBoards:127 - board STM32L-DISCOVERY has no document id list !
2024-09-25 15:45:28,965 [ERROR] DbBoards:189 - Image file not found for board B-U585I-IOT02A: C:\ST\STM32CubeIDE_1.7.0\STM32CubeIDE\plugins\com.st.stm32cube.common.mx_6.3.0.202107141111\\db\/plugins/mcufinder/images/boards/B-U585I-IOT02A_small.jpg
2024-09-25 15:45:29,023 [ERROR] DbBoards:189 - Image file not found for board NUCLEO-F413ZH: C:\ST\STM32CubeIDE_1.7.0\STM32CubeIDE\plugins\com.st.stm32cube.common.mx_6.3.0.202107141111\\db\/plugins/mcufinder/images/boards/nucleo-f413zh_small.jpg
2024-09-25 15:45:29,163 [ERROR] DbBoards:189 - Image file not found for board NUCLEO-L552ZE-Q: C:\ST\STM32CubeIDE_1.7.0\STM32CubeIDE\plugins\com.st.stm32cube.common.mx_6.3.0.202107141111\\db\/plugins/mcufinder/images/boards/nucleo_l552ze_q_small.jpg
2024-09-25 15:45:29,163 [ERROR] DbBoards:189 - Image file not found for board NUCLEO-U575ZI-Q: C:\ST\STM32CubeIDE_1.7.0\STM32CubeIDE\plugins\com.st.stm32cube.common.mx_6.3.0.202107141111\\db\/plugins/mcufinder/images/boards/nucleo-u575zi-q_small.jpg
2024-09-25 15:45:29,163 [ERROR] DbBoards:189 - Image file not found for board NUCLEO-WB15CC: C:\ST\STM32CubeIDE_1.7.0\STM32CubeIDE\plugins\com.st.stm32cube.common.mx_6.3.0.202107141111\\db\/plugins/mcufinder/images/boards/nucleo-wb15cc_small.jpg
2024-09-25 15:45:29,163 [ERROR] DbBoards:189 - Image file not found for board NUCLEO-WB55RG: C:\ST\STM32CubeIDE_1.7.0\STM32CubeIDE\plugins\com.st.stm32cube.common.mx_6.3.0.202107141111\\db\/plugins/mcufinder/images/boards/nucleo-wb55rg_small.jpg
2024-09-25 15:45:29,717 [INFO] ApiDb:251 - Load user favorites file C:\Users\TIEN DUY/.stm32cubeide/favorites.boards.txt: 0 item(s)
2024-09-25 15:45:29,719 [INFO] ApiDb:255 - User favorites Boards=[]
2024-09-25 15:45:29,719 [INFO] DbBoards:206 - Set 0 / 0 favorites Boards
2024-09-25 15:45:29,725 [INFO] LoadUrlFilesThread:172 - End of LoadServerUrlFiles without Thread
2024-09-25 15:45:29,725 [INFO] TargetSelectorAdapter:224 - Refresh data is successful
2024-09-25 15:45:29,807 [INFO] ApiDb:479 - Connected to CubeFinder SQLite database (C:\Users\TIEN DUY\.stmcufinder\plugins\mcufinder\mcu\cube-finder-db.db)
2024-09-25 15:45:30,368 [ERROR] DbExamplesSqlite:446 - Missing JSON key: board_cpn
2024-09-25 15:45:30,368 [ERROR] DbExamplesSqlite:446 - Missing JSON key: board_cpn
2024-09-25 15:45:30,368 [ERROR] DbExamplesSqlite:446 - Missing JSON key: board_cpn
2024-09-25 15:45:30,368 [ERROR] DbExamplesSqlite:446 - Missing JSON key: board_cpn
2024-09-25 15:45:30,477 [ERROR] DbExamplesSqlite:446 - Missing JSON key: board_cpn
2024-09-25 15:45:30,477 [ERROR] DbExamplesSqlite:446 - Missing JSON key: board_cpn
2024-09-25 15:45:30,477 [ERROR] DbExamplesSqlite:446 - Missing JSON key: board_cpn
2024-09-25 15:45:30,477 [ERROR] DbExamplesSqlite:446 - Missing JSON key: board_cpn
2024-09-25 15:45:30,478 [ERROR] DbExamplesSqlite:446 - Missing JSON key: board_cpn
2024-09-25 15:45:30,478 [ERROR] DbExamplesSqlite:446 - Missing JSON key: board_cpn
2024-09-25 15:45:30,478 [ERROR] DbExamplesSqlite:446 - Missing JSON key: board_cpn
2024-09-25 15:45:30,478 [ERROR] DbExamplesSqlite:446 - Missing JSON key: board_cpn
2024-09-25 15:45:30,478 [ERROR] DbExamplesSqlite:446 - Missing JSON key: board_cpn
2024-09-25 15:45:30,479 [INFO] DbExamplesSqlite:411 - Ignored 28 examples not supported by CubeIDE
2024-09-25 15:45:30,479 [INFO] DbExamplesSqlite:412 - Found 8614 examples active
2024-09-25 15:45:30,479 [INFO] DbExamplesSqlite:413 - Found 0 examples obsolete
2024-09-25 15:45:30,479 [INFO] DbExamplesSqlite:414 - Found 0 examples under development
2024-09-25 15:45:30,479 [INFO] DbExamplesSqlite:415 - Found 10 examples not building
2024-09-25 15:45:30,530 [INFO] DbExamplesSqlite:108 - CubeFinder database Data Model version=2.1
2024-09-25 15:45:30,530 [INFO] DbExamplesSqlite:109 - CubeFinder database Configuration version=3.0.39
2024-09-25 15:45:30,530 [INFO] DbExamplesSqlite:110 - CubeFinder database generation date=2024-09-16 (1726485674)
2024-09-25 15:45:30,530 [INFO] DbExamplesSqlite:111 - CubeFinder database FW Pack versions=[FP-ATR-ASTRA1_V2.0.0, FP-SNS-FLIGHT1_V5.0.2, FP-SNS-MOTENV1_V5.0.0, FP-SNS-MOTENVWB1_V1.4.0, FP-SNS-SMARTAG2_V1.2.0, FP-SNS-STBOX1_V2.0.0, STM32Cube_FW_C0_V1.2.0, STM32Cube_FW_F4_V1.28.1, STM32Cube_FW_F7_V1.17.2, STM32Cube_FW_G0_V1.6.2, STM32Cube_FW_G4_V1.6.0, STM32Cube_FW_H5_V1.3.0, STM32Cube_FW_H7RS_V1.1.0, STM32Cube_FW_H7_V1.11.2, STM32Cube_FW_L0_V1.12.2, STM32Cube_FW_L5_V1.5.1, STM32Cube_FW_U0_V1.1.0, STM32Cube_FW_U5_V1.6.0, STM32Cube_FW_WB0_V1.0.0, STM32Cube_FW_WBA_V1.4.1, STM32Cube_FW_WB_V1.20.0, STM32Cube_FW_WL_V1.3.0, X-CUBE-ALGOBUILD_V1.4.0, X-CUBE-ALS_V1.0.2, X-CUBE-AZRTOS-F4_V1.1.0, X-CUBE-AZRTOS-F7_V1.1.0, X-CUBE-AZRTOS-G0_V1.1.0, X-CUBE-AZRTOS-G4_V2.0.0, X-CUBE-AZRTOS-H7RS_V1.0.0, X-CUBE-AZRTOS-H7_V3.2.0, X-CUBE-AZRTOS-L4_V2.0.0, X-CUBE-AZRTOS-L5_V2.0.0, X-CUBE-AZRTOS-WB_V2.0.0, X-CUBE-AZRTOS-WL_V2.0.0, X-CUBE-BLE1_V7.0.0, X-CUBE-BLE2_V3.3.0, X-CUBE-BLEMGR_V3.1.0, X-CUBE-EEPRMA1_V5.1.0, X-CUBE-FREERTOS_V1.2.0, X-CUBE-GNSS1_V6.0.0, X-CUBE-MEMS1_V11.0.0, X-CUBE-NFC4_V3.0.0, X-CUBE-NFC7_V1.0.1, X-CUBE-SFXS2LP1_V4.0.0, X-CUBE-SUBG2_V5.0.0, X-CUBE-TOF1_V3.4.2]
2024-09-25 15:45:30,532 [INFO] DbExamples:130 - Found 8596 examples
2024-09-25 15:45:31,055 [ERROR] DbExamples:206 - Found 8596 examples with invalid data (board or MCU)
2024-09-25 15:45:31,056 [INFO] DbExamples:222 - Found 80 boards with related examples
2024-09-25 15:45:31,056 [INFO] DbExamples:235 - Found 0 MCUs with related examples
2024-09-25 15:45:31,074 [INFO] ApiDb:242 - User favorites file not found: C:\Users\TIEN DUY/.stm32cubeide/favorites.examples.txt
2024-09-25 15:45:31,074 [INFO] DbExamples:256 - Set 0 / 0 favorites Examples
2024-09-25 15:45:31,171 [INFO] McuFinderGlobals:52 - Set McuFinderConnectedMode to false
2024-09-25 15:45:31,238 [INFO] CrossSelectorPresenter:1330 - Cross Selector saved comparison directory: C:\Users\TIEN DUY\.stmcufinder\plugins\mcufinder\mcu\cs_comparisons_mx
2024-09-25 15:45:31,243 [INFO] MultiScanPanel:197 - Auto-refresh data requested => check proxy status ongoing
2024-09-25 15:45:31,243 [INFO] MultiScanPanel:201 - Proxy status is invalid
2024-09-25 15:45:31,247 [INFO] FinderPluginLoader:87 - Searching for filters in installed packs
2024-09-25 15:45:31,608 [INFO] DetailPanel:309 - Set advertising image to C:/Users/TIEN DUY/STM32Cube/Repository/\en.prom-stm32c071-usb-memories-mcu-finder.png
2024-09-25 15:45:55,831 [INFO] MainUpdater:2671 - connection check result : 10
2024-09-25 15:45:55,832 [INFO] MainUpdater:2671 - connection check result : 10
2024-09-25 15:45:55,854 [INFO] MicroXplorer:448 - Change Database Path : 
2024-09-25 15:45:55,854 [INFO] MicroXplorer:478 - Change Database Version : DB.6.0.30
2024-09-25 15:45:55,854 [WARN] ThirdParty:813 - waiting for thirdparty lock release [close project]
2024-09-25 15:45:55,854 [INFO] ThirdParty:815 - entering critical section [close project]
2024-09-25 15:45:55,855 [INFO] ThirdParty:825 - exiting critical section [close project]
2024-09-25 15:45:55,858 [INFO] PinOutPanel:1463 - setPackage(No Configuration,No Configuration)
2024-09-25 15:45:55,859 [INFO] UtilMem:74 - Begin LoadConfig() Used Memory: 593044664 Bytes (716177408)
2024-09-25 15:45:55,860 [INFO] MicroXplorer:448 - Change Database Path : 
2024-09-25 15:45:55,860 [INFO] MicroXplorer:478 - Change Database Version : DB.6.0.30
2024-09-25 15:45:55,860 [INFO] OpenFileManager:313 - Change cursor
2024-09-25 15:45:56,412 [INFO] Context:592 - Trying to add GPIOservice into a context  which must be forbidden
2024-09-25 15:45:56,556 [INFO] ImportTextPane:167 - (OptionalMessage_ERROR) Unable to find key (Mcu.ThirdPartyNb) in loaded IOC file
2024-09-25 15:45:56,556 [INFO] ImportTextPane:167 - (OptionalMessage_ERROR) Unable to find key (Mcu.PinsNb) in loaded IOC file
2024-09-25 15:45:56,557 [INFO] ImportTextPane:167 - (OptionalMessage_ERROR) Unable to find key (Mcu.IPNb) in loaded IOC file
2024-09-25 15:45:56,608 [WARN] ApiManager:304 - Cannot register API 'Board Extension:GNSS1A1' from pack STMicroelectronics.X-CUBE-GNSS1.7.0.0: no header file found
2024-09-25 15:45:56,608 [WARN] ApiManager:304 - Cannot register API 'Board Support:Custom' from pack STMicroelectronics.X-CUBE-GNSS1.7.0.0: no header file found
2024-09-25 15:45:56,608 [WARN] ApiManager:304 - Cannot register API 'Data Exchange:lib_gnss' from pack STMicroelectronics.X-CUBE-GNSS1.7.0.0: no header file found
2024-09-25 15:45:56,616 [WARN] ApiManager:304 - Cannot register API 'Board Extension:NFC06A1' from pack STMicroelectronics.X-CUBE-NFC6.3.1.0: no header file found
2024-09-25 15:45:56,616 [WARN] ApiManager:304 - Cannot register API 'Board Extension:NFC08A1' from pack STMicroelectronics.X-CUBE-NFC6.3.1.0: no header file found
2024-09-25 15:45:56,812 [WARN] ApiManager:304 - Cannot register API 'Board Extension:IKS01A3' from pack STMicroelectronics.X-CUBE-MEMS1.11.0.0: no header file found
2024-09-25 15:45:56,812 [WARN] ApiManager:304 - Cannot register API 'Board Extension:IKS02A1' from pack STMicroelectronics.X-CUBE-MEMS1.11.0.0: no header file found
2024-09-25 15:45:56,812 [WARN] ApiManager:304 - Cannot register API 'Board Extension:IKS4A1' from pack STMicroelectronics.X-CUBE-MEMS1.11.0.0: no header file found
2024-09-25 15:45:56,819 [INFO] RtosManager:484 - Registered RTOS mode: class=CMSIS, group=RTOS, mode=CMSIS_V1, owner=FREERTOS
2024-09-25 15:45:56,819 [INFO] RtosManager:484 - Registered RTOS mode: class=CMSIS, group=RTOS2, mode=CMSIS_V2, owner=FREERTOS
2024-09-25 15:45:56,819 [INFO] RtosManager:484 - Registered RTOS mode: class=RTOS, group=Core, mode=CMSIS_V1, owner=FREERTOS
2024-09-25 15:45:56,820 [INFO] RtosManager:484 - Registered RTOS mode: class=RTOS, group=Core, mode=CMSIS_V2, owner=FREERTOS
2024-09-25 15:45:56,820 [WARN] ModelIntegratedComponent:181 - Missing modes for component STMicroelectronics:FreeRTOS:0.0.1:STMicroelectronics:RTOS:FreeRTOS:Core:::10.2.0:
2024-09-25 15:45:56,821 [WARN] ApiManager:304 - Cannot register API 'Board Extension:STSAFEA1' from pack STMicroelectronics.X-CUBE-SAFEA1.1.2.2: no header file found
2024-09-25 15:45:56,821 [WARN] ApiManager:304 - Cannot register API 'Board Part:STSAFEA110' from pack STMicroelectronics.X-CUBE-SAFEA1.1.2.2: no header file found
2024-09-25 15:45:56,821 [WARN] ApiManager:304 - Cannot register API 'Security:ST_Cryptolib' from pack STMicroelectronics.X-CUBE-SAFEA1.1.2.2: no header file found
2024-09-25 15:45:56,821 [WARN] ApiManager:304 - Cannot register API 'Security:MbedTLS' from pack STMicroelectronics.X-CUBE-SAFEA1.1.2.2: no header file found
2024-09-25 15:45:56,821 [WARN] ApiManager:304 - Cannot register API 'Board Extension:NFC04A1' from pack STMicroelectronics.X-CUBE-NFC4.3.0.0: no header file found
2024-09-25 15:45:56,824 [WARN] ApiManager:304 - Cannot register API 'Board Extension:S2868A1' from pack STMicroelectronics.X-CUBE-SUBG2.5.0.0: no header file found
2024-09-25 15:45:56,824 [WARN] ApiManager:304 - Cannot register API 'Board Extension:S2868A2' from pack STMicroelectronics.X-CUBE-SUBG2.5.0.0: no header file found
2024-09-25 15:45:56,824 [WARN] ApiManager:304 - Cannot register API 'Board Extension:S2915A1' from pack STMicroelectronics.X-CUBE-SUBG2.5.0.0: no header file found
2024-09-25 15:45:56,826 [WARN] ApiManager:304 - Cannot register API 'Wireless:BlueNRG-MS' from pack STMicroelectronics.X-CUBE-BLE1.7.0.0: no header file found
2024-09-25 15:45:56,827 [WARN] ApiManager:304 - Cannot register API 'Board Extension:EEPRMA2' from pack STMicroelectronics.X-CUBE-EEPRMA1.5.1.0: no header file found
2024-09-25 15:45:56,827 [WARN] ApiManager:304 - Cannot register API 'Board Extension:PGEEZ1' from pack STMicroelectronics.X-CUBE-EEPRMA1.5.1.0: no header file found
2024-09-25 15:45:56,827 [WARN] ApiManager:304 - Cannot register API 'Board Extension:EEICA1' from pack STMicroelectronics.X-CUBE-EEPRMA1.5.1.0: no header file found
2024-09-25 15:45:56,827 [WARN] ApiManager:304 - Cannot register API 'Board Part:M24' from pack STMicroelectronics.X-CUBE-EEPRMA1.5.1.0: no header file found
2024-09-25 15:45:56,827 [WARN] ApiManager:304 - Cannot register API 'Board Part:M95' from pack STMicroelectronics.X-CUBE-EEPRMA1.5.1.0: no header file found
2024-09-25 15:45:56,827 [WARN] ApiManager:304 - Cannot register API 'Board Part:M95P32' from pack STMicroelectronics.X-CUBE-EEPRMA1.5.1.0: no header file found
2024-09-25 15:45:56,827 [WARN] ApiManager:304 - Cannot register API 'Board Part:M24256E-F' from pack STMicroelectronics.X-CUBE-EEPRMA1.5.1.0: no header file found
2024-09-25 15:45:56,827 [WARN] ApiManager:304 - Cannot register API 'Board Part:M24M01E-F' from pack STMicroelectronics.X-CUBE-EEPRMA1.5.1.0: no header file found
2024-09-25 15:45:56,827 [WARN] ApiManager:304 - Cannot register API 'PGEEZ1:SPI' from pack STMicroelectronics.X-CUBE-EEPRMA1.5.1.0: no header file found
2024-09-25 15:45:56,827 [WARN] ApiManager:304 - Cannot register API 'PGEEZ1:QDSPI' from pack STMicroelectronics.X-CUBE-EEPRMA1.5.1.0: no header file found
2024-09-25 15:45:56,829 [WARN] ModelIntegratedComponent:60 - No mode defined for component null
2024-09-25 15:45:56,829 [WARN] ModelIntegratedComponent:60 - No mode defined for component null
2024-09-25 15:45:56,829 [WARN] ModelIntegratedComponent:60 - No mode defined for component null
2024-09-25 15:45:56,829 [WARN] ModelIntegratedComponent:60 - No mode defined for component null
2024-09-25 15:45:56,829 [WARN] ModelIntegratedComponent:60 - No mode defined for component null
2024-09-25 15:45:56,829 [WARN] ModelIntegratedComponent:60 - No mode defined for component null
2024-09-25 15:45:56,829 [WARN] ModelIntegratedComponent:60 - No mode defined for component null
2024-09-25 15:45:56,830 [WARN] ModelIntegratedComponent:60 - No mode defined for component null
2024-09-25 15:45:56,830 [WARN] ModelIntegratedComponent:60 - No mode defined for component null
2024-09-25 15:45:56,830 [WARN] ModelIntegratedComponent:60 - No mode defined for component null
2024-09-25 15:45:56,830 [WARN] ModelIntegratedComponent:60 - No mode defined for component null
2024-09-25 15:45:56,830 [WARN] ModelIntegratedComponent:60 - No mode defined for component null
2024-09-25 15:45:56,830 [WARN] ModelIntegratedComponent:60 - No mode defined for component null
2024-09-25 15:45:56,830 [WARN] ModelIntegratedComponent:60 - No mode defined for component null
2024-09-25 15:45:56,830 [WARN] ModelIntegratedComponent:60 - No mode defined for component null
2024-09-25 15:45:56,830 [WARN] ModelIntegratedComponent:60 - No mode defined for component null
2024-09-25 15:45:56,830 [WARN] ModelIntegratedComponent:60 - No mode defined for component null
2024-09-25 15:45:56,830 [WARN] ModelIntegratedComponent:60 - No mode defined for component null
2024-09-25 15:45:56,830 [WARN] ModelIntegratedComponent:60 - No mode defined for component null
2024-09-25 15:45:56,830 [WARN] ModelIntegratedComponent:60 - No mode defined for component null
2024-09-25 15:45:56,830 [WARN] ModelIntegratedComponent:60 - No mode defined for component null
2024-09-25 15:45:56,830 [WARN] ModelIntegratedComponent:60 - No mode defined for component null
2024-09-25 15:45:56,830 [WARN] ModelIntegratedComponent:60 - No mode defined for component null
2024-09-25 15:45:56,830 [WARN] ModelIntegratedComponent:60 - No mode defined for component null
2024-09-25 15:45:56,830 [WARN] ModelIntegratedComponent:60 - No mode defined for component null
2024-09-25 15:45:56,830 [WARN] ModelIntegratedComponent:60 - No mode defined for component null
2024-09-25 15:45:56,830 [WARN] ModelIntegratedComponent:60 - No mode defined for component null
2024-09-25 15:45:56,830 [WARN] ModelIntegratedComponent:60 - No mode defined for component null
2024-09-25 15:45:56,830 [WARN] ModelIntegratedComponent:60 - No mode defined for component null
2024-09-25 15:45:56,831 [WARN] ModelIntegratedComponent:60 - No mode defined for component null
2024-09-25 15:45:56,831 [WARN] ModelIntegratedComponent:60 - No mode defined for component null
2024-09-25 15:45:56,831 [WARN] ApiManager:304 - Cannot register API 'Board Extension:NFC07A1' from pack STMicroelectronics.X-CUBE-NFC7.1.0.1: no header file found
2024-09-25 15:45:56,840 [WARN] ApiManager:304 - Cannot register API 'Board Extension:S2868A1' from pack STMicroelectronics.X-CUBE-SFXS2LP1.4.0.0: no header file found
2024-09-25 15:45:56,840 [WARN] ApiManager:304 - Cannot register API 'Board Extension:S2868A2' from pack STMicroelectronics.X-CUBE-SFXS2LP1.4.0.0: no header file found
2024-09-25 15:45:56,840 [WARN] ApiManager:304 - Cannot register API 'Board Extension:S2915A1' from pack STMicroelectronics.X-CUBE-SFXS2LP1.4.0.0: no header file found
2024-09-25 15:45:56,841 [WARN] ApiManager:304 - Cannot register API 'Wireless:BlueNRG-2' from pack STMicroelectronics.X-CUBE-BLE2.3.3.0: no header file found
2024-09-25 15:45:58,111 [INFO] UtilMem:74 - End LoadConfig() Used Memory: 590510616 Bytes (716177408)
2024-09-25 15:45:58,113 [WARN] ThirdParty:779 - waiting for thirdparty lock release [change project]
2024-09-25 15:45:58,113 [INFO] ThirdParty:781 - entering critical section [change project]
2024-09-25 15:45:58,113 [INFO] ThirdParty:967 - CMSIS Pack Vendor :STMicroelectronics X-CUBE-AZRTOS-H7 3.3.0
2024-09-25 15:45:58,113 [INFO] ThirdParty:967 - CMSIS Pack Vendor :STMicroelectronics USB_HOST 2.0.0
2024-09-25 15:45:58,113 [INFO] ThirdParty:967 - CMSIS Pack Vendor :STMicroelectronics X-CUBE-AZRTOS-F4 1.1.0
2024-09-25 15:45:58,113 [INFO] ThirdParty:967 - CMSIS Pack Vendor :STMicroelectronics USB_DEVICE 3.0.0
2024-09-25 15:45:58,113 [INFO] ThirdParty:967 - CMSIS Pack Vendor :STMicroelectronics X-CUBE-ISPU 2.1.0
2024-09-25 15:45:58,113 [INFO] ThirdParty:967 - CMSIS Pack Vendor :STMicroelectronics X-CUBE-AZRTOS-WB 2.0.0
2024-09-25 15:45:58,113 [INFO] ThirdParty:967 - CMSIS Pack Vendor :STMicroelectronics X-CUBE-GNSS1 7.0.0
2024-09-25 15:45:58,113 [INFO] ThirdParty:967 - CMSIS Pack Vendor :STMicroelectronics X-CUBE-AZRTOS-F7 1.1.0
2024-09-25 15:45:58,113 [INFO] ThirdParty:967 - CMSIS Pack Vendor :STMicroelectronics X-CUBE-AZRTOS-L5 2.0.0
2024-09-25 15:45:58,113 [INFO] ThirdParty:967 - CMSIS Pack Vendor :STMicroelectronics USB_DEVICE 2.0.0
2024-09-25 15:45:58,113 [INFO] ThirdParty:967 - CMSIS Pack Vendor :STMicroelectronics X-CUBE-NFC6 3.1.0
2024-09-25 15:45:58,113 [INFO] ThirdParty:967 - CMSIS Pack Vendor :STMicroelectronics X-CUBE-MEMS1 11.0.0
2024-09-25 15:45:58,113 [INFO] ThirdParty:967 - CMSIS Pack Vendor :STMicroelectronics FreeRTOS 0.0.1
2024-09-25 15:45:58,113 [INFO] ThirdParty:967 - CMSIS Pack Vendor :STMicroelectronics X-CUBE-AZRTOS-G0 1.1.0
2024-09-25 15:45:58,113 [INFO] ThirdParty:967 - CMSIS Pack Vendor :STMicroelectronics X-CUBE-SAFEA1 1.2.2
2024-09-25 15:45:58,113 [INFO] ThirdParty:967 - CMSIS Pack Vendor :STMicroelectronics X-CUBE-NFC4 3.0.0
2024-09-25 15:45:58,113 [INFO] ThirdParty:967 - CMSIS Pack Vendor :STMicroelectronics X-CUBE-SUBG2 5.0.0
2024-09-25 15:45:58,113 [INFO] ThirdParty:967 - CMSIS Pack Vendor :STMicroelectronics lwIP 2.0.3
2024-09-25 15:45:58,113 [INFO] ThirdParty:967 - CMSIS Pack Vendor :STMicroelectronics USB_HOST 1.0.0
2024-09-25 15:45:58,114 [INFO] ThirdParty:967 - CMSIS Pack Vendor :STMicroelectronics X-CUBE-AI 9.0.0
2024-09-25 15:45:58,114 [INFO] ThirdParty:967 - CMSIS Pack Vendor :STMicroelectronics X-CUBE-AZRTOS-G4 2.0.0
2024-09-25 15:45:58,114 [INFO] ThirdParty:967 - CMSIS Pack Vendor :STMicroelectronics PDM2PCM 3.1.0
2024-09-25 15:45:58,114 [INFO] ThirdParty:967 - CMSIS Pack Vendor :STMicroelectronics PDM2PCM 3.3.0
2024-09-25 15:45:58,114 [INFO] ThirdParty:967 - CMSIS Pack Vendor :STMicroelectronics X-CUBE-BLE1 7.0.0
2024-09-25 15:45:58,114 [INFO] ThirdParty:967 - CMSIS Pack Vendor :STMicroelectronics FP-ATR-SIGFOX1 3.2.0
2024-09-25 15:45:58,114 [INFO] ThirdParty:967 - CMSIS Pack Vendor :wolfSSL I-CUBE-wolfSSL 5.7.2
2024-09-25 15:45:58,114 [INFO] ThirdParty:967 - CMSIS Pack Vendor :STMicroelectronics X-CUBE-ISPU 2.0.0
2024-09-25 15:45:58,114 [INFO] ThirdParty:967 - CMSIS Pack Vendor :STMicroelectronics X-CUBE-EEPRMA1 5.1.0
2024-09-25 15:45:58,114 [INFO] ThirdParty:967 - CMSIS Pack Vendor :STMicroelectronics HAL Drivers 0.0.0
2024-09-25 15:45:58,114 [INFO] ThirdParty:967 - CMSIS Pack Vendor :STMicroelectronics MBEDTLS 2.16.2
2024-09-25 15:45:58,114 [INFO] ThirdParty:967 - CMSIS Pack Vendor :STMicroelectronics X-CUBE-NFC7 1.0.1
2024-09-25 15:45:58,114 [INFO] ThirdParty:967 - CMSIS Pack Vendor :STMicroelectronics MBEDTLS 2.14.1
2024-09-25 15:45:58,114 [INFO] ThirdParty:967 - CMSIS Pack Vendor :STMicroelectronics X-CUBE-TOUCHGFX 4.24.0
2024-09-25 15:45:58,114 [INFO] ThirdParty:967 - CMSIS Pack Vendor :STMicroelectronics X-CUBE-TOUCHGFX 4.24.1
2024-09-25 15:45:58,114 [INFO] ThirdParty:967 - CMSIS Pack Vendor :wolfSSL I-CUBE-wolfTPM 3.4.0
2024-09-25 15:45:58,114 [INFO] ThirdParty:967 - CMSIS Pack Vendor :portGmbH I-Cube-SoM-uGOAL 1.1.0
2024-09-25 15:45:58,114 [INFO] ThirdParty:967 - CMSIS Pack Vendor :STMicroelectronics X-CUBE-AZRTOS-WL 2.0.0
2024-09-25 15:45:58,114 [INFO] ThirdParty:967 - CMSIS Pack Vendor :SEGGER I-CUBE-embOS 1.3.1
2024-09-25 15:45:58,114 [INFO] ThirdParty:967 - CMSIS Pack Vendor :STMicroelectronics X-CUBE-ALGOBUILD 1.4.0
2024-09-25 15:45:58,114 [INFO] ThirdParty:967 - CMSIS Pack Vendor :STMicroelectronics USB_DEVICE 1.0.0
2024-09-25 15:45:58,114 [INFO] ThirdParty:967 - CMSIS Pack Vendor :STMicroelectronics X-CUBE-AZRTOS-H7RS 1.0.0
2024-09-25 15:45:58,114 [INFO] ThirdParty:967 - CMSIS Pack Vendor :wolfSSL I-CUBE-wolfMQTT 1.19.0
2024-09-25 15:45:58,114 [INFO] ThirdParty:967 - CMSIS Pack Vendor :STMicroelectronics X-CUBE-AZRTOS-L4 2.0.0
2024-09-25 15:45:58,114 [INFO] ThirdParty:967 - CMSIS Pack Vendor :STMicroelectronics ThreadX 0.0.2
2024-09-25 15:45:58,114 [INFO] ThirdParty:967 - CMSIS Pack Vendor :WES I-CUBE-Cesium 1.3.0
2024-09-25 15:45:58,114 [INFO] ThirdParty:967 - CMSIS Pack Vendor :STMicroelectronics FP-ATR-ASTRA1 2.0.0
2024-09-25 15:45:58,114 [INFO] ThirdParty:967 - CMSIS Pack Vendor :STMicroelectronics lwIP 2.1.2
2024-09-25 15:45:58,114 [INFO] ThirdParty:967 - CMSIS Pack Vendor :STMicroelectronics X-CUBE-SFXS2LP1 4.0.0
2024-09-25 15:45:58,114 [INFO] ThirdParty:967 - CMSIS Pack Vendor :STMicroelectronics X-CUBE-BLE2 3.3.0
2024-09-25 15:45:58,114 [INFO] ThirdParty:967 - CMSIS Pack Vendor :STMicroelectronics PDM2PCM 3.2.0
2024-09-25 15:45:58,114 [INFO] ThirdParty:967 - CMSIS Pack Vendor :wolfSSL I-CUBE-wolfSSH 1.4.17
2024-09-25 15:45:58,115 [INFO] ThirdParty:787 - exiting critical section [change project]
2024-09-25 15:45:58,246 [INFO] PinOutPanel:1463 - setPackage(No Configuration,No Configuration)
2024-09-25 15:45:58,247 [INFO] PinOutPanel:1463 - setPackage(STM32F103C6Ux,UFQFPN48)
2024-09-25 15:45:58,492 [INFO] UtilMem:74 - Before build in PCC Used Memory: 610063168 Bytes (716177408)
2024-09-25 15:45:58,862 [INFO] UtilMem:74 - After build in PCC Used Memory: 619297280 Bytes (716177408)
2024-09-25 15:45:58,875 [INFO] IPUIPlugin:74 - create IPUIPlugin
2024-09-25 15:45:58,875 [INFO] IPUIPlugin:74 - create IPUIPlugin
2024-09-25 15:45:58,875 [INFO] IPUIPlugin:74 - create IPUIPlugin
2024-09-25 15:45:58,875 [INFO] IPUIPlugin:74 - create IPUIPlugin
2024-09-25 15:45:58,876 [INFO] IPUIPlugin:74 - create IPUIPlugin
2024-09-25 15:45:58,883 [INFO] IPUIPlugin:74 - create IPUIPlugin
2024-09-25 15:45:58,884 [INFO] IPUIPlugin:74 - create IPUIPlugin
2024-09-25 15:45:58,884 [INFO] IPUIPlugin:74 - create IPUIPlugin
2024-09-25 15:45:58,884 [INFO] IPUIPlugin:74 - create IPUIPlugin
2024-09-25 15:45:58,884 [INFO] IPUIPlugin:74 - create IPUIPlugin
2024-09-25 15:45:58,884 [INFO] IPUIPlugin:74 - create IPUIPlugin
2024-09-25 15:45:58,884 [INFO] IPUIPlugin:74 - create IPUIPlugin
2024-09-25 15:45:58,885 [INFO] IPUIPlugin:74 - create IPUIPlugin
2024-09-25 15:45:58,885 [INFO] IPUIPlugin:74 - create IPUIPlugin
2024-09-25 15:45:58,885 [INFO] IPUIPlugin:74 - create IPUIPlugin
2024-09-25 15:45:58,885 [INFO] IPUIPlugin:74 - create IPUIPlugin
2024-09-25 15:45:58,885 [INFO] IPUIPlugin:74 - create IPUIPlugin
2024-09-25 15:45:58,886 [INFO] IPUIPlugin:74 - create IPUIPlugin
2024-09-25 15:45:58,886 [INFO] IPUIPlugin:74 - create IPUIPlugin
2024-09-25 15:45:58,886 [INFO] IPUIPlugin:74 - create IPUIPlugin
2024-09-25 15:45:58,886 [INFO] IPUIPlugin:74 - create IPUIPlugin
2024-09-25 15:45:58,887 [INFO] IPUIPlugin:74 - create IPUIPlugin
2024-09-25 15:45:58,887 [INFO] IPUIPlugin:74 - create IPUIPlugin
2024-09-25 15:45:58,974 [INFO] OpenFileManager:333 - Restore cursor
2024-09-25 15:45:59,187 [INFO] UtilMem:74 - End SaveConfig() Used Memory: 608906912 Bytes (716177408)
2024-09-25 15:45:59,226 [INFO] UtilMem:74 - End SaveConfig() Used Memory: 621791960 Bytes (716177408)
2024-09-25 15:45:59,454 [INFO] BlockDiagram:2740 - set Specific Code input for plugin: NVIC
2024-09-25 15:45:59,454 [INFO] BlockDiagram:2740 - set Specific Code input for plugin: SYS
2024-09-25 15:45:59,454 [INFO] BlockDiagram:2740 - set Specific Code input for plugin: RCC
2024-09-25 15:45:59,457 [INFO] CodeGenerator:663 - code generatio: config db path: C:\ST\STM32CubeIDE_1.7.0\STM32CubeIDE\plugins\com.st.stm32cube.common.mx_6.3.0.202107141111\\db\
2024-09-25 15:45:59,676 [INFO] CodeEngine:239 - oldGeneratedFile, C:\Users\TIEN DUY\Documents\VXLLAB1\SourceCode\LAB1\MXTmpFiles\license.tmp_save
2024-09-25 15:45:59,926 [INFO] CodeEngine:257 - Generated code: C:\Users\TIEN DUY\Documents\VXLLAB1\SourceCode\LAB1\MXTmpFiles\license.tmp
2024-09-25 15:46:00,013 [INFO] CodeEngine:239 - oldGeneratedFile, C:\Users\TIEN DUY\Documents\VXLLAB1\SourceCode\LAB1\Core\Src\stm32f1xx_it.c_save
2024-09-25 15:46:00,106 [INFO] CodeEngine:257 - Generated code: C:\Users\TIEN DUY\Documents\VXLLAB1\SourceCode\LAB1\Core\Src\stm32f1xx_it.c
2024-09-25 15:46:00,108 [INFO] CodeEngine:239 - oldGeneratedFile, C:\Users\TIEN DUY\Documents\VXLLAB1\SourceCode\LAB1\Core\Inc\stm32f1xx_it.h_save
2024-09-25 15:46:00,189 [INFO] CodeEngine:257 - Generated code: C:\Users\TIEN DUY\Documents\VXLLAB1\SourceCode\LAB1\Core\Inc\stm32f1xx_it.h
2024-09-25 15:46:00,195 [INFO] CodeEngine:239 - oldGeneratedFile, C:\Users\TIEN DUY\Documents\VXLLAB1\SourceCode\LAB1\Core\Src\stm32f1xx_hal_msp.c_save
2024-09-25 15:46:00,311 [INFO] CodeEngine:257 - Generated code: C:\Users\TIEN DUY\Documents\VXLLAB1\SourceCode\LAB1\Core\Src\stm32f1xx_hal_msp.c
2024-09-25 15:46:00,315 [INFO] CodeEngine:239 - oldGeneratedFile, C:\Users\TIEN DUY\Documents\VXLLAB1\SourceCode\LAB1\MXTmpFiles\system.tmp_save
2024-09-25 15:46:00,381 [INFO] CodeEngine:257 - Generated code: C:\Users\TIEN DUY\Documents\VXLLAB1\SourceCode\LAB1\MXTmpFiles\system.tmp
2024-09-25 15:46:00,386 [INFO] CodeEngine:239 - oldGeneratedFile, C:\Users\TIEN DUY\Documents\VXLLAB1\SourceCode\LAB1\Core\Inc\stm32f1xx_hal_conf.h_save
2024-09-25 15:46:00,493 [INFO] CodeEngine:257 - Generated code: C:\Users\TIEN DUY\Documents\VXLLAB1\SourceCode\LAB1\Core\Inc\stm32f1xx_hal_conf.h
2024-09-25 15:46:00,530 [INFO] CodeEngine:239 - oldGeneratedFile, C:\Users\TIEN DUY\Documents\VXLLAB1\SourceCode\LAB1\Core\Inc\main.h_save
2024-09-25 15:46:00,632 [INFO] CodeEngine:257 - Generated code: C:\Users\TIEN DUY\Documents\VXLLAB1\SourceCode\LAB1\Core\Inc\main.h
2024-09-25 15:46:00,634 [INFO] CodeEngine:239 - oldGeneratedFile, C:\Users\TIEN DUY\Documents\VXLLAB1\SourceCode\LAB1\Core\Src\main.c_save
2024-09-25 15:46:00,747 [INFO] CodeEngine:257 - Generated code: C:\Users\TIEN DUY\Documents\VXLLAB1\SourceCode\LAB1\Core\Src\main.c
2024-09-25 15:46:01,435 [INFO] ProjectBuilder:2578 - Time for Copy HAL[1] : 56mS.
2024-09-25 15:46:01,439 [INFO] ProjectBuilder:3622 - Project Generator version: 3.14.1
2024-09-25 15:46:01,824 [INFO] ConfigFileManager:1271 - The Die is : DIE412
2024-09-25 15:46:01,867 [INFO] ApiDbMcu:468 - Load IP Config File for FATFS
2024-09-25 15:46:01,890 [INFO] ApiDbMcu:468 - Load IP Config File for FREERTOS
2024-09-25 15:46:01,923 [INFO] ApiDbMcu:468 - Load IP Config File for USB_DEVICE
2024-09-25 15:46:04,868 [INFO] ProjectBuilder:3789 - Time for Generating toolchain IDE Files: 3429mS.
2024-09-25 15:46:04,868 [INFO] ProjectBuilder:2457 - Time for Copy CMSIS : 0mS.
2024-09-25 15:46:04,870 [INFO] ProjectBuilder:2457 - Time for Copy CMSIS : 0mS.
2024-09-25 15:46:05,570 [INFO] McuFinderGlobals:52 - Set McuFinderConnectedMode to true
2024-09-25 15:46:05,572 [INFO] ApiDb:276 - Save user favorites file C:\Users\TIEN DUY/.stm32cubeide/favorites.mcus.txt: 0 item(s)
2024-09-25 15:46:05,572 [INFO] ApiDb:280 - User favorites MCUs=[]
2024-09-25 16:14:35,202 [INFO] UtilMem:74 - End SaveConfig() Used Memory: 893857632 Bytes (1037041664)
2024-09-25 16:14:36,220 [INFO] UtilMem:74 - End SaveConfig() Used Memory: 918339784 Bytes (1037041664)
2024-09-25 16:14:45,599 [INFO] UtilMem:74 - End SaveConfig() Used Memory: 872430544 Bytes (1037041664)
2024-09-25 16:14:45,868 [INFO] BlockDiagram:2740 - set Specific Code input for plugin: NVIC
2024-09-25 16:14:45,868 [INFO] BlockDiagram:2740 - set Specific Code input for plugin: SYS
2024-09-25 16:14:45,868 [INFO] BlockDiagram:2740 - set Specific Code input for plugin: GPIO
2024-09-25 16:14:45,868 [INFO] BlockDiagram:2740 - set Specific Code input for plugin: RCC
2024-09-25 16:14:45,869 [INFO] CodeGenerator:663 - code generatio: config db path: C:\ST\STM32CubeIDE_1.7.0\STM32CubeIDE\plugins\com.st.stm32cube.common.mx_6.3.0.202107141111\\db\
2024-09-25 16:14:46,139 [INFO] CodeEngine:239 - oldGeneratedFile, C:\Users\TIEN DUY\Documents\VXLLAB1\SourceCode\LAB1\MXTmpFiles\license.tmp_save
2024-09-25 16:14:46,295 [INFO] CodeEngine:257 - Generated code: C:\Users\TIEN DUY\Documents\VXLLAB1\SourceCode\LAB1\MXTmpFiles\license.tmp
2024-09-25 16:14:46,371 [INFO] CodeEngine:239 - oldGeneratedFile, C:\Users\TIEN DUY\Documents\VXLLAB1\SourceCode\LAB1\MXTmpFiles\gpio.tmp_save
2024-09-25 16:14:46,472 [INFO] CodeEngine:257 - Generated code: C:\Users\TIEN DUY\Documents\VXLLAB1\SourceCode\LAB1\MXTmpFiles\gpio.tmp
2024-09-25 16:14:46,510 [INFO] CodeEngine:239 - oldGeneratedFile, C:\Users\TIEN DUY\Documents\VXLLAB1\SourceCode\LAB1\Core\Src\stm32f1xx_it.c_save
2024-09-25 16:14:46,594 [INFO] CodeEngine:257 - Generated code: C:\Users\TIEN DUY\Documents\VXLLAB1\SourceCode\LAB1\Core\Src\stm32f1xx_it.c
2024-09-25 16:14:46,598 [INFO] CodeEngine:239 - oldGeneratedFile, C:\Users\TIEN DUY\Documents\VXLLAB1\SourceCode\LAB1\Core\Inc\stm32f1xx_it.h_save
2024-09-25 16:14:46,658 [INFO] CodeEngine:257 - Generated code: C:\Users\TIEN DUY\Documents\VXLLAB1\SourceCode\LAB1\Core\Inc\stm32f1xx_it.h
2024-09-25 16:14:46,673 [INFO] CodeEngine:239 - oldGeneratedFile, C:\Users\TIEN DUY\Documents\VXLLAB1\SourceCode\LAB1\Core\Src\stm32f1xx_hal_msp.c_save
2024-09-25 16:14:46,749 [INFO] CodeEngine:257 - Generated code: C:\Users\TIEN DUY\Documents\VXLLAB1\SourceCode\LAB1\Core\Src\stm32f1xx_hal_msp.c
2024-09-25 16:14:46,753 [INFO] CodeEngine:239 - oldGeneratedFile, C:\Users\TIEN DUY\Documents\VXLLAB1\SourceCode\LAB1\MXTmpFiles\system.tmp_save
2024-09-25 16:14:46,805 [INFO] CodeEngine:257 - Generated code: C:\Users\TIEN DUY\Documents\VXLLAB1\SourceCode\LAB1\MXTmpFiles\system.tmp
2024-09-25 16:14:46,820 [INFO] CodeEngine:239 - oldGeneratedFile, C:\Users\TIEN DUY\Documents\VXLLAB1\SourceCode\LAB1\Core\Inc\stm32f1xx_hal_conf.h_save
2024-09-25 16:14:46,885 [INFO] CodeEngine:257 - Generated code: C:\Users\TIEN DUY\Documents\VXLLAB1\SourceCode\LAB1\Core\Inc\stm32f1xx_hal_conf.h
2024-09-25 16:14:46,910 [INFO] CodeEngine:239 - oldGeneratedFile, C:\Users\TIEN DUY\Documents\VXLLAB1\SourceCode\LAB1\Core\Inc\main.h_save
2024-09-25 16:14:46,982 [INFO] CodeEngine:257 - Generated code: C:\Users\TIEN DUY\Documents\VXLLAB1\SourceCode\LAB1\Core\Inc\main.h
2024-09-25 16:14:46,994 [INFO] CodeEngine:239 - oldGeneratedFile, C:\Users\TIEN DUY\Documents\VXLLAB1\SourceCode\LAB1\Core\Src\main.c_save
2024-09-25 16:14:47,100 [INFO] CodeEngine:257 - Generated code: C:\Users\TIEN DUY\Documents\VXLLAB1\SourceCode\LAB1\Core\Src\main.c
2024-09-25 16:14:48,120 [INFO] ProjectBuilder:2578 - Time for Copy HAL[1] : 74mS.
2024-09-25 16:14:48,123 [INFO] ProjectBuilder:3622 - Project Generator version: 3.14.1
2024-09-25 16:14:48,501 [INFO] ConfigFileManager:1271 - The Die is : DIE412
2024-09-25 16:14:50,666 [INFO] ProjectBuilder:3789 - Time for Generating toolchain IDE Files: 2543mS.
2024-09-25 16:14:50,666 [INFO] ProjectBuilder:2457 - Time for Copy CMSIS : 0mS.
2024-09-25 16:14:50,668 [INFO] ProjectBuilder:2457 - Time for Copy CMSIS : 0mS.
2024-09-25 16:18:20,027 [INFO] UtilMem:74 - End SaveConfig() Used Memory: 895999976 Bytes (1073741824)
2024-09-25 16:18:20,661 [INFO] UtilMem:74 - End SaveConfig() Used Memory: 914247040 Bytes (1073741824)
2024-09-25 16:18:22,271 [INFO] UtilMem:74 - End SaveConfig() Used Memory: 892385872 Bytes (1073741824)
2024-09-25 16:18:22,469 [INFO] BlockDiagram:2740 - set Specific Code input for plugin: NVIC
2024-09-25 16:18:22,470 [INFO] BlockDiagram:2740 - set Specific Code input for plugin: SYS
2024-09-25 16:18:22,470 [INFO] BlockDiagram:2740 - set Specific Code input for plugin: GPIO
2024-09-25 16:18:22,470 [INFO] BlockDiagram:2740 - set Specific Code input for plugin: RCC
2024-09-25 16:18:22,470 [INFO] CodeGenerator:663 - code generatio: config db path: C:\ST\STM32CubeIDE_1.7.0\STM32CubeIDE\plugins\com.st.stm32cube.common.mx_6.3.0.202107141111\\db\
2024-09-25 16:18:22,710 [INFO] CodeEngine:239 - oldGeneratedFile, C:\Users\TIEN DUY\Documents\VXLLAB1\SourceCode\LAB1\MXTmpFiles\license.tmp_save
2024-09-25 16:18:22,757 [INFO] CodeEngine:257 - Generated code: C:\Users\TIEN DUY\Documents\VXLLAB1\SourceCode\LAB1\MXTmpFiles\license.tmp
2024-09-25 16:18:22,822 [INFO] CodeEngine:239 - oldGeneratedFile, C:\Users\TIEN DUY\Documents\VXLLAB1\SourceCode\LAB1\MXTmpFiles\gpio.tmp_save
2024-09-25 16:18:22,894 [INFO] CodeEngine:257 - Generated code: C:\Users\TIEN DUY\Documents\VXLLAB1\SourceCode\LAB1\MXTmpFiles\gpio.tmp
2024-09-25 16:18:22,943 [INFO] CodeEngine:239 - oldGeneratedFile, C:\Users\TIEN DUY\Documents\VXLLAB1\SourceCode\LAB1\Core\Src\stm32f1xx_it.c_save
2024-09-25 16:18:23,017 [INFO] CodeEngine:257 - Generated code: C:\Users\TIEN DUY\Documents\VXLLAB1\SourceCode\LAB1\Core\Src\stm32f1xx_it.c
2024-09-25 16:18:23,021 [INFO] CodeEngine:239 - oldGeneratedFile, C:\Users\TIEN DUY\Documents\VXLLAB1\SourceCode\LAB1\Core\Inc\stm32f1xx_it.h_save
2024-09-25 16:18:23,070 [INFO] CodeEngine:257 - Generated code: C:\Users\TIEN DUY\Documents\VXLLAB1\SourceCode\LAB1\Core\Inc\stm32f1xx_it.h
2024-09-25 16:18:23,085 [INFO] CodeEngine:239 - oldGeneratedFile, C:\Users\TIEN DUY\Documents\VXLLAB1\SourceCode\LAB1\Core\Src\stm32f1xx_hal_msp.c_save
2024-09-25 16:18:23,170 [INFO] CodeEngine:257 - Generated code: C:\Users\TIEN DUY\Documents\VXLLAB1\SourceCode\LAB1\Core\Src\stm32f1xx_hal_msp.c
2024-09-25 16:18:23,173 [INFO] CodeEngine:239 - oldGeneratedFile, C:\Users\TIEN DUY\Documents\VXLLAB1\SourceCode\LAB1\MXTmpFiles\system.tmp_save
2024-09-25 16:18:23,217 [INFO] CodeEngine:257 - Generated code: C:\Users\TIEN DUY\Documents\VXLLAB1\SourceCode\LAB1\MXTmpFiles\system.tmp
2024-09-25 16:18:23,229 [INFO] CodeEngine:239 - oldGeneratedFile, C:\Users\TIEN DUY\Documents\VXLLAB1\SourceCode\LAB1\Core\Inc\stm32f1xx_hal_conf.h_save
2024-09-25 16:18:23,300 [INFO] CodeEngine:257 - Generated code: C:\Users\TIEN DUY\Documents\VXLLAB1\SourceCode\LAB1\Core\Inc\stm32f1xx_hal_conf.h
2024-09-25 16:18:23,322 [INFO] CodeEngine:239 - oldGeneratedFile, C:\Users\TIEN DUY\Documents\VXLLAB1\SourceCode\LAB1\Core\Inc\main.h_save
2024-09-25 16:18:23,394 [INFO] CodeEngine:257 - Generated code: C:\Users\TIEN DUY\Documents\VXLLAB1\SourceCode\LAB1\Core\Inc\main.h
2024-09-25 16:18:23,405 [INFO] CodeEngine:239 - oldGeneratedFile, C:\Users\TIEN DUY\Documents\VXLLAB1\SourceCode\LAB1\Core\Src\main.c_save
2024-09-25 16:18:23,487 [INFO] CodeEngine:257 - Generated code: C:\Users\TIEN DUY\Documents\VXLLAB1\SourceCode\LAB1\Core\Src\main.c
2024-09-25 16:18:24,453 [INFO] ProjectBuilder:2578 - Time for Copy HAL[1] : 43mS.
2024-09-25 16:18:24,456 [INFO] ProjectBuilder:3622 - Project Generator version: 3.14.1
2024-09-25 16:18:24,819 [INFO] ConfigFileManager:1271 - The Die is : DIE412
2024-09-25 16:18:26,470 [INFO] ProjectBuilder:3789 - Time for Generating toolchain IDE Files: 2014mS.
2024-09-25 16:18:26,470 [INFO] ProjectBuilder:2457 - Time for Copy CMSIS : 0mS.
2024-09-25 16:18:26,472 [INFO] ProjectBuilder:2457 - Time for Copy CMSIS : 0mS.
